{"meta": {"format": 3, "version": "7.10.7", "timestamp": "2025-11-07T17:46:41.255764", "branch_coverage": false, "show_contexts": false}, "files": {"app/config.py": {"executed_lines": [1, 2, 5, 6, 8, 9, 10, 11, 12, 15, 16, 17, 18, 19, 22, 26, 27, 30, 33, 39, 42, 43, 47, 50, 55, 56, 58, 61], "summary": {"covered_lines": 28, "num_statements": 28, "percent_covered": 100.0, "percent_covered_display": "100", "missing_lines": 0, "excluded_lines": 0}, "missing_lines": [], "excluded_lines": [], "functions": {"Settings.database_url": {"executed_lines": [58], "summary": {"covered_lines": 1, "num_statements": 1, "percent_covered": 100.0, "percent_covered_display": "100", "missing_lines": 0, "excluded_lines": 0}, "missing_lines": [], "excluded_lines": []}, "": {"executed_lines": [1, 2, 5, 6, 8, 9, 10, 11, 12, 15, 16, 17, 18, 19, 22, 26, 27, 30, 33, 39, 42, 43, 47, 50, 55, 56, 61], "summary": {"covered_lines": 27, "num_statements": 27, "percent_covered": 100.0, "percent_covered_display": "100", "missing_lines": 0, "excluded_lines": 0}, "missing_lines": [], "excluded_lines": []}}, "classes": {"Settings": {"executed_lines": [58], "summary": {"covered_lines": 1, "num_statements": 1, "percent_covered": 100.0, "percent_covered_display": "100", "missing_lines": 0, "excluded_lines": 0}, "missing_lines": [], "excluded_lines": []}, "": {"executed_lines": [1, 2, 5, 6, 8, 9, 10, 11, 12, 15, 16, 17, 18, 19, 22, 26, 27, 30, 33, 39, 42, 43, 47, 50, 55, 56, 61], "summary": {"covered_lines": 27, "num_statements": 27, "percent_covered": 100.0, "percent_covered_display": "100", "missing_lines": 0, "excluded_lines": 0}, "missing_lines": [], "excluded_lines": []}}}, "app/core/auth.py": {"executed_lines": [1, 3, 4, 5, 7, 8, 9, 10, 12, 14, 15, 17, 18, 19, 20, 22, 25, 27, 30, 33, 35, 36, 39, 46, 47, 48, 50, 54, 55, 56, 57, 59, 60, 61, 62, 63, 64, 65, 66, 67, 70, 77, 78, 79, 81, 85, 86, 87, 88, 90, 91, 92, 93, 94, 95, 96, 97, 98, 101, 114, 117, 125, 126, 127, 128, 130, 132, 133, 136, 151, 157, 158, 160, 161, 164, 168, 169, 171, 172, 175, 176, 178, 181], "summary": {"covered_lines": 82, "num_statements": 82, "percent_covered": 100.0, "percent_covered_display": "100", "missing_lines": 0, "excluded_lines": 0}, "missing_lines": [], "excluded_lines": [], "functions": {"verify_password": {"executed_lines": [27, 30], "summary": {"covered_lines": 2, "num_statements": 2, "percent_covered": 100.0, "percent_covered_display": "100", "missing_lines": 0, "excluded_lines": 0}, "missing_lines": [], "excluded_lines": []}, "get_password_hash": {"executed_lines": [35, 36], "summary": {"covered_lines": 2, "num_statements": 2, "percent_covered": 100.0, "percent_covered_display": "100", "missing_lines": 0, "excluded_lines": 0}, "missing_lines": [], "excluded_lines": []}, "create_access_token": {"executed_lines": [46, 47, 48, 50, 54, 55, 56, 57, 59, 60, 61, 62, 63, 64, 65, 66, 67], "summary": {"covered_lines": 17, "num_statements": 17, "percent_covered": 100.0, "percent_covered_display": "100", "missing_lines": 0, "excluded_lines": 0}, "missing_lines": [], "excluded_lines": []}, "create_refresh_token": {"executed_lines": [77, 78, 79, 81, 85, 86, 87, 88, 90, 91, 92, 93, 94, 95, 96, 97, 98], "summary": {"covered_lines": 17, "num_statements": 17, "percent_covered": 100.0, "percent_covered_display": "100", "missing_lines": 0, "excluded_lines": 0}, "missing_lines": [], "excluded_lines": []}, "verify_token": {"executed_lines": [114, 117, 125, 126, 127, 128, 130, 132, 133], "summary": {"covered_lines": 9, "num_statements": 9, "percent_covered": 100.0, "percent_covered_display": "100", "missing_lines": 0, "excluded_lines": 0}, "missing_lines": [], "excluded_lines": []}, "authenticate_user": {"executed_lines": [151, 157, 158, 160, 161, 164, 168, 169, 171, 172, 175, 176, 178], "summary": {"covered_lines": 13, "num_statements": 13, "percent_covered": 100.0, "percent_covered_display": "100", "missing_lines": 0, "excluded_lines": 0}, "missing_lines": [], "excluded_lines": []}, "": {"executed_lines": [1, 3, 4, 5, 7, 8, 9, 10, 12, 14, 15, 17, 18, 19, 20, 22, 25, 33, 39, 70, 101, 136, 181], "summary": {"covered_lines": 22, "num_statements": 22, "percent_covered": 100.0, "percent_covered_display": "100", "missing_lines": 0, "excluded_lines": 0}, "missing_lines": [], "excluded_lines": []}}, "classes": {"": {"executed_lines": [1, 3, 4, 5, 7, 8, 9, 10, 12, 14, 15, 17, 18, 19, 20, 22, 25, 27, 30, 33, 35, 36, 39, 46, 47, 48, 50, 54, 55, 56, 57, 59, 60, 61, 62, 63, 64, 65, 66, 67, 70, 77, 78, 79, 81, 85, 86, 87, 88, 90, 91, 92, 93, 94, 95, 96, 97, 98, 101, 114, 117, 125, 126, 127, 128, 130, 132, 133, 136, 151, 157, 158, 160, 161, 164, 168, 169, 171, 172, 175, 176, 178, 181], "summary": {"covered_lines": 82, "num_statements": 82, "percent_covered": 100.0, "percent_covered_display": "100", "missing_lines": 0, "excluded_lines": 0}, "missing_lines": [], "excluded_lines": []}}}, "app/core/db/database.py": {"executed_lines": [1, 3, 4, 5, 7, 13, 15, 16, 18, 21, 22, 24, 25, 26, 27, 29, 31, 32, 35, 50, 56, 58, 60, 61, 65, 66, 68, 70, 71, 72, 76, 79, 80, 82, 83, 85, 86, 88, 89, 90, 91, 92, 93, 95, 98, 100, 101, 104, 106, 107, 109, 112, 114, 117, 119, 120, 121, 122, 123, 124, 125, 127, 129, 132, 140, 141, 145, 146, 147, 148, 150, 151, 154, 160], "summary": {"covered_lines": 72, "num_statements": 72, "percent_covered": 100.0, "percent_covered_display": "100", "missing_lines": 0, "excluded_lines": 0}, "missing_lines": [], "excluded_lines": [], "functions": {"DatabaseConfig.__init__": {"executed_lines": [25, 26, 27], "summary": {"covered_lines": 3, "num_statements": 3, "percent_covered": 100.0, "percent_covered_display": "100", "missing_lines": 0, "excluded_lines": 0}, "missing_lines": [], "excluded_lines": []}, "DatabaseConfig.initialize": {"executed_lines": [31, 32, 35, 50, 56], "summary": {"covered_lines": 5, "num_statements": 5, "percent_covered": 100.0, "percent_covered_display": "100", "missing_lines": 0, "excluded_lines": 0}, "missing_lines": [], "excluded_lines": []}, "DatabaseConfig.create_tables": {"executed_lines": [60, 61, 65, 66], "summary": {"covered_lines": 4, "num_statements": 4, "percent_covered": 100.0, "percent_covered_display": "100", "missing_lines": 0, "excluded_lines": 0}, "missing_lines": [], "excluded_lines": []}, "DatabaseConfig.close": {"executed_lines": [70, 71, 72], "summary": {"covered_lines": 3, "num_statements": 3, "percent_covered": 100.0, "percent_covered_display": "100", "missing_lines": 0, "excluded_lines": 0}, "missing_lines": [], "excluded_lines": []}, "get_db_session": {"executed_lines": [82, 83, 85, 86, 88, 89, 90, 91, 92, 93, 95], "summary": {"covered_lines": 11, "num_statements": 11, "percent_covered": 100.0, "percent_covered_display": "100", "missing_lines": 0, "excluded_lines": 0}, "missing_lines": [], "excluded_lines": []}, "get_db": {"executed_lines": [100, 101], "summary": {"covered_lines": 2, "num_statements": 2, "percent_covered": 100.0, "percent_covered_display": "100", "missing_lines": 0, "excluded_lines": 0}, "missing_lines": [], "excluded_lines": []}, "create_all_tables": {"executed_lines": [106, 107, 109], "summary": {"covered_lines": 3, "num_statements": 3, "percent_covered": 100.0, "percent_covered_display": "100", "missing_lines": 0, "excluded_lines": 0}, "missing_lines": [], "excluded_lines": []}, "initialize_database": {"executed_lines": [114], "summary": {"covered_lines": 1, "num_statements": 1, "percent_covered": 100.0, "percent_covered_display": "100", "missing_lines": 0, "excluded_lines": 0}, "missing_lines": [], "excluded_lines": []}, "cleanup_database": {"executed_lines": [119, 120, 121, 122, 123, 124, 125, 127, 129], "summary": {"covered_lines": 9, "num_statements": 9, "percent_covered": 100.0, "percent_covered_display": "100", "missing_lines": 0, "excluded_lines": 0}, "missing_lines": [], "excluded_lines": []}, "cleanup_database_sync": {"executed_lines": [140, 141, 145, 146, 147, 148, 150, 151, 154], "summary": {"covered_lines": 9, "num_statements": 9, "percent_covered": 100.0, "percent_covered_display": "100", "missing_lines": 0, "excluded_lines": 0}, "missing_lines": [], "excluded_lines": []}, "": {"executed_lines": [1, 3, 4, 5, 7, 13, 15, 16, 18, 21, 22, 24, 29, 58, 68, 76, 79, 80, 98, 104, 112, 117, 132, 160], "summary": {"covered_lines": 22, "num_statements": 22, "percent_covered": 100.0, "percent_covered_display": "100", "missing_lines": 0, "excluded_lines": 0}, "missing_lines": [], "excluded_lines": []}}, "classes": {"DatabaseConfig": {"executed_lines": [25, 26, 27, 31, 32, 35, 50, 56, 60, 61, 65, 66, 70, 71, 72], "summary": {"covered_lines": 15, "num_statements": 15, "percent_covered": 100.0, "percent_covered_display": "100", "missing_lines": 0, "excluded_lines": 0}, "missing_lines": [], "excluded_lines": []}, "": {"executed_lines": [1, 3, 4, 5, 7, 13, 15, 16, 18, 21, 22, 24, 29, 58, 68, 76, 79, 80, 82, 83, 85, 86, 88, 89, 90, 91, 92, 93, 95, 98, 100, 101, 104, 106, 107, 109, 112, 114, 117, 119, 120, 121, 122, 123, 124, 125, 127, 129, 132, 140, 141, 145, 146, 147, 148, 150, 151, 154, 160], "summary": {"covered_lines": 57, "num_statements": 57, "percent_covered": 100.0, "percent_covered_display": "100", "missing_lines": 0, "excluded_lines": 0}, "missing_lines": [], "excluded_lines": []}}}, "app/core/exceptions/domain_exceptions.py": {"executed_lines": [1, 7, 8, 11, 12, 14, 24, 25, 26, 27, 35, 36, 38, 39, 40, 41, 42, 43, 44, 47, 48, 50, 51, 52, 53, 54, 57, 58, 60, 61, 62, 63, 64, 65, 73, 74, 76, 77, 78, 79, 80, 81, 82, 85, 86, 88, 89, 90, 91, 92, 95, 96, 98, 99, 100, 101, 102, 103, 111, 112, 114, 115, 116, 117, 118, 119, 120, 121, 124, 125, 127, 128, 129, 130, 131, 132, 140, 141, 143, 144, 145, 146, 147, 148, 149, 152, 153, 155, 156, 157, 158, 159, 160, 161, 162, 165, 166, 168, 175, 176, 177, 178, 179, 180, 181, 182, 190, 191, 193, 195, 196, 197, 198, 199, 200, 202, 203, 204, 205, 206, 209, 210, 212, 213, 214, 215, 218, 219, 221, 222, 223, 224, 232, 233, 235, 238, 239, 240, 241, 242, 243, 246, 247, 249, 250, 251, 252, 253, 254, 257, 258, 260, 261, 271, 272, 274, 275, 276, 277, 278, 279, 280, 281, 284, 285, 287, 288, 289, 290, 291, 292, 300, 301, 303, 304, 305, 306, 307, 308, 309, 310, 313, 314, 316, 317, 318, 319, 320, 321, 329, 330, 332, 333, 334, 335, 336, 339, 340, 341, 344, 345, 347, 348, 349, 352, 353, 354, 357, 358, 360, 361, 364, 365, 366, 374, 375, 377, 378, 379, 380, 381, 382, 383, 386, 387, 389, 390, 391, 392, 393, 396, 397, 399, 400, 401, 402, 403, 404, 412, 413, 415, 416, 417, 418, 419, 422, 423, 426, 427, 429, 430, 431, 432, 433, 436, 437, 439, 440, 441, 444, 445, 446, 454, 455, 457, 458, 459, 460, 461, 462, 463, 466, 467, 469, 470, 471, 472, 473, 476, 477, 479, 480, 481, 482, 483, 484, 492, 493, 495, 496, 497, 498, 499, 500, 501, 504, 505, 507, 508, 509, 510, 511, 514, 515, 517, 518, 519, 520, 521, 522, 530, 531, 533, 534, 535, 536, 537, 538, 539, 540, 543, 544, 546, 547, 548, 549, 550, 551, 559, 560, 562, 565, 566, 567, 568, 571, 572, 573, 576, 577, 579, 580, 581, 584, 585, 586], "summary": {"covered_lines": 304, "num_statements": 304, "percent_covered": 100.0, "percent_covered_display": "100", "missing_lines": 0, "excluded_lines": 0}, "missing_lines": [], "excluded_lines": [], "functions": {"DomainException.__init__": {"executed_lines": [24, 25, 26, 27], "summary": {"covered_lines": 4, "num_statements": 4, "percent_covered": 100.0, "percent_covered_display": "100", "missing_lines": 0, "excluded_lines": 0}, "missing_lines": [], "excluded_lines": []}, "TeamNotFoundException.__init__": {"executed_lines": [39, 40, 41, 42, 43, 44], "summary": {"covered_lines": 6, "num_statements": 6, "percent_covered": 100.0, "percent_covered_display": "100", "missing_lines": 0, "excluded_lines": 0}, "missing_lines": [], "excluded_lines": []}, "TeamAlreadyExistsException.__init__": {"executed_lines": [51, 52, 53, 54], "summary": {"covered_lines": 4, "num_statements": 4, "percent_covered": 100.0, "percent_covered_display": "100", "missing_lines": 0, "excluded_lines": 0}, "missing_lines": [], "excluded_lines": []}, "TeamUpdateConflictException.__init__": {"executed_lines": [61, 62, 63, 64, 65], "summary": {"covered_lines": 5, "num_statements": 5, "percent_covered": 100.0, "percent_covered_display": "100", "missing_lines": 0, "excluded_lines": 0}, "missing_lines": [], "excluded_lines": []}, "ProjectNotFoundException.__init__": {"executed_lines": [77, 78, 79, 80, 81, 82], "summary": {"covered_lines": 6, "num_statements": 6, "percent_covered": 100.0, "percent_covered_display": "100", "missing_lines": 0, "excluded_lines": 0}, "missing_lines": [], "excluded_lines": []}, "ProjectAlreadyExistsException.__init__": {"executed_lines": [89, 90, 91, 92], "summary": {"covered_lines": 4, "num_statements": 4, "percent_covered": 100.0, "percent_covered_display": "100", "missing_lines": 0, "excluded_lines": 0}, "missing_lines": [], "excluded_lines": []}, "ProjectUpdateConflictException.__init__": {"executed_lines": [99, 100, 101, 102, 103], "summary": {"covered_lines": 5, "num_statements": 5, "percent_covered": 100.0, "percent_covered_display": "100", "missing_lines": 0, "excluded_lines": 0}, "missing_lines": [], "excluded_lines": []}, "ProjectTeamNotFoundException.__init__": {"executed_lines": [115, 116, 117, 118, 119, 120, 121], "summary": {"covered_lines": 7, "num_statements": 7, "percent_covered": 100.0, "percent_covered_display": "100", "missing_lines": 0, "excluded_lines": 0}, "missing_lines": [], "excluded_lines": []}, "ProjectTeamAlreadyExistsException.__init__": {"executed_lines": [128, 129, 130, 131, 132], "summary": {"covered_lines": 5, "num_statements": 5, "percent_covered": 100.0, "percent_covered_display": "100", "missing_lines": 0, "excluded_lines": 0}, "missing_lines": [], "excluded_lines": []}, "OrganizationNotFoundException.__init__": {"executed_lines": [144, 145, 146, 147, 148, 149], "summary": {"covered_lines": 6, "num_statements": 6, "percent_covered": 100.0, "percent_covered_display": "100", "missing_lines": 0, "excluded_lines": 0}, "missing_lines": [], "excluded_lines": []}, "OrganizationAlreadyExistsException.__init__": {"executed_lines": [156, 157, 158, 159, 160, 161, 162], "summary": {"covered_lines": 7, "num_statements": 7, "percent_covered": 100.0, "percent_covered_display": "100", "missing_lines": 0, "excluded_lines": 0}, "missing_lines": [], "excluded_lines": []}, "OrganizationUpdateConflictException.__init__": {"executed_lines": [175, 176, 177, 178, 179, 180, 181, 182], "summary": {"covered_lines": 8, "num_statements": 8, "percent_covered": 100.0, "percent_covered_display": "100", "missing_lines": 0, "excluded_lines": 0}, "missing_lines": [], "excluded_lines": []}, "UserNotFoundException.__init__": {"executed_lines": [195, 196, 197, 198, 199, 200, 202, 203, 204, 205, 206], "summary": {"covered_lines": 11, "num_statements": 11, "percent_covered": 100.0, "percent_covered_display": "100", "missing_lines": 0, "excluded_lines": 0}, "missing_lines": [], "excluded_lines": []}, "InvalidUserIdException.__init__": {"executed_lines": [213, 214, 215], "summary": {"covered_lines": 3, "num_statements": 3, "percent_covered": 100.0, "percent_covered_display": "100", "missing_lines": 0, "excluded_lines": 0}, "missing_lines": [], "excluded_lines": []}, "InvalidCredentialsException.__init__": {"executed_lines": [222, 223, 224], "summary": {"covered_lines": 3, "num_statements": 3, "percent_covered": 100.0, "percent_covered_display": "100", "missing_lines": 0, "excluded_lines": 0}, "missing_lines": [], "excluded_lines": []}, "InsufficientPrivilegesException.__init__": {"executed_lines": [238, 239, 240, 241, 242, 243], "summary": {"covered_lines": 6, "num_statements": 6, "percent_covered": 100.0, "percent_covered_display": "100", "missing_lines": 0, "excluded_lines": 0}, "missing_lines": [], "excluded_lines": []}, "InvalidTokenException.__init__": {"executed_lines": [250, 251, 252, 253, 254], "summary": {"covered_lines": 5, "num_statements": 5, "percent_covered": 100.0, "percent_covered_display": "100", "missing_lines": 0, "excluded_lines": 0}, "missing_lines": [], "excluded_lines": []}, "TokenNotFoundException.__init__": {"executed_lines": [261], "summary": {"covered_lines": 1, "num_statements": 1, "percent_covered": 100.0, "percent_covered_display": "100", "missing_lines": 0, "excluded_lines": 0}, "missing_lines": [], "excluded_lines": []}, "TeamMemberNotFoundException.__init__": {"executed_lines": [275, 276, 277, 278, 279, 280, 281], "summary": {"covered_lines": 7, "num_statements": 7, "percent_covered": 100.0, "percent_covered_display": "100", "missing_lines": 0, "excluded_lines": 0}, "missing_lines": [], "excluded_lines": []}, "TeamMemberAlreadyExistsException.__init__": {"executed_lines": [288, 289, 290, 291, 292], "summary": {"covered_lines": 5, "num_statements": 5, "percent_covered": 100.0, "percent_covered_display": "100", "missing_lines": 0, "excluded_lines": 0}, "missing_lines": [], "excluded_lines": []}, "TeamReviewerNotFoundException.__init__": {"executed_lines": [304, 305, 306, 307, 308, 309, 310], "summary": {"covered_lines": 7, "num_statements": 7, "percent_covered": 100.0, "percent_covered_display": "100", "missing_lines": 0, "excluded_lines": 0}, "missing_lines": [], "excluded_lines": []}, "TeamReviewerAlreadyExistsException.__init__": {"executed_lines": [317, 318, 319, 320, 321], "summary": {"covered_lines": 5, "num_statements": 5, "percent_covered": 100.0, "percent_covered_display": "100", "missing_lines": 0, "excluded_lines": 0}, "missing_lines": [], "excluded_lines": []}, "OrganizationPrincipalNotFoundException.__init__": {"executed_lines": [333, 334, 335, 336, 339, 340, 341], "summary": {"covered_lines": 7, "num_statements": 7, "percent_covered": 100.0, "percent_covered_display": "100", "missing_lines": 0, "excluded_lines": 0}, "missing_lines": [], "excluded_lines": []}, "OrganizationPrincipalAlreadyExistsException.__init__": {"executed_lines": [348, 349, 352, 353, 354], "summary": {"covered_lines": 5, "num_statements": 5, "percent_covered": 100.0, "percent_covered_display": "100", "missing_lines": 0, "excluded_lines": 0}, "missing_lines": [], "excluded_lines": []}, "UnauthorizedOrganizationAccessException.__init__": {"executed_lines": [361, 364, 365, 366], "summary": {"covered_lines": 4, "num_statements": 4, "percent_covered": 100.0, "percent_covered_display": "100", "missing_lines": 0, "excluded_lines": 0}, "missing_lines": [], "excluded_lines": []}, "DocNotFoundException.__init__": {"executed_lines": [378, 379, 380, 381, 382, 383], "summary": {"covered_lines": 6, "num_statements": 6, "percent_covered": 100.0, "percent_covered_display": "100", "missing_lines": 0, "excluded_lines": 0}, "missing_lines": [], "excluded_lines": []}, "DocAlreadyExistsException.__init__": {"executed_lines": [390, 391, 392, 393], "summary": {"covered_lines": 4, "num_statements": 4, "percent_covered": 100.0, "percent_covered_display": "100", "missing_lines": 0, "excluded_lines": 0}, "missing_lines": [], "excluded_lines": []}, "DocUpdateConflictException.__init__": {"executed_lines": [400, 401, 402, 403, 404], "summary": {"covered_lines": 5, "num_statements": 5, "percent_covered": 100.0, "percent_covered_display": "100", "missing_lines": 0, "excluded_lines": 0}, "missing_lines": [], "excluded_lines": []}, "DeploymentEnvNotFoundException.__init__": {"executed_lines": [416, 417, 418, 419, 422, 423], "summary": {"covered_lines": 6, "num_statements": 6, "percent_covered": 100.0, "percent_covered_display": "100", "missing_lines": 0, "excluded_lines": 0}, "missing_lines": [], "excluded_lines": []}, "DeploymentEnvAlreadyExistsException.__init__": {"executed_lines": [430, 431, 432, 433], "summary": {"covered_lines": 4, "num_statements": 4, "percent_covered": 100.0, "percent_covered_display": "100", "missing_lines": 0, "excluded_lines": 0}, "missing_lines": [], "excluded_lines": []}, "DeploymentEnvUpdateConflictException.__init__": {"executed_lines": [440, 441, 444, 445, 446], "summary": {"covered_lines": 5, "num_statements": 5, "percent_covered": 100.0, "percent_covered_display": "100", "missing_lines": 0, "excluded_lines": 0}, "missing_lines": [], "excluded_lines": []}, "FeatureNotFoundException.__init__": {"executed_lines": [458, 459, 460, 461, 462, 463], "summary": {"covered_lines": 6, "num_statements": 6, "percent_covered": 100.0, "percent_covered_display": "100", "missing_lines": 0, "excluded_lines": 0}, "missing_lines": [], "excluded_lines": []}, "FeatureAlreadyExistsException.__init__": {"executed_lines": [470, 471, 472, 473], "summary": {"covered_lines": 4, "num_statements": 4, "percent_covered": 100.0, "percent_covered_display": "100", "missing_lines": 0, "excluded_lines": 0}, "missing_lines": [], "excluded_lines": []}, "FeatureUpdateConflictException.__init__": {"executed_lines": [480, 481, 482, 483, 484], "summary": {"covered_lines": 5, "num_statements": 5, "percent_covered": 100.0, "percent_covered_display": "100", "missing_lines": 0, "excluded_lines": 0}, "missing_lines": [], "excluded_lines": []}, "TaskNotFoundException.__init__": {"executed_lines": [496, 497, 498, 499, 500, 501], "summary": {"covered_lines": 6, "num_statements": 6, "percent_covered": 100.0, "percent_covered_display": "100", "missing_lines": 0, "excluded_lines": 0}, "missing_lines": [], "excluded_lines": []}, "TaskAlreadyExistsException.__init__": {"executed_lines": [508, 509, 510, 511], "summary": {"covered_lines": 4, "num_statements": 4, "percent_covered": 100.0, "percent_covered_display": "100", "missing_lines": 0, "excluded_lines": 0}, "missing_lines": [], "excluded_lines": []}, "TaskUpdateConflictException.__init__": {"executed_lines": [518, 519, 520, 521, 522], "summary": {"covered_lines": 5, "num_statements": 5, "percent_covered": 100.0, "percent_covered_display": "100", "missing_lines": 0, "excluded_lines": 0}, "missing_lines": [], "excluded_lines": []}, "FeatureDocNotFoundException.__init__": {"executed_lines": [534, 535, 536, 537, 538, 539, 540], "summary": {"covered_lines": 7, "num_statements": 7, "percent_covered": 100.0, "percent_covered_display": "100", "missing_lines": 0, "excluded_lines": 0}, "missing_lines": [], "excluded_lines": []}, "FeatureDocAlreadyExistsException.__init__": {"executed_lines": [547, 548, 549, 550, 551], "summary": {"covered_lines": 5, "num_statements": 5, "percent_covered": 100.0, "percent_covered_display": "100", "missing_lines": 0, "excluded_lines": 0}, "missing_lines": [], "excluded_lines": []}, "TaskDeploymentEnvNotFoundException.__init__": {"executed_lines": [565, 566, 567, 568, 571, 572, 573], "summary": {"covered_lines": 7, "num_statements": 7, "percent_covered": 100.0, "percent_covered_display": "100", "missing_lines": 0, "excluded_lines": 0}, "missing_lines": [], "excluded_lines": []}, "TaskDeploymentEnvAlreadyExistsException.__init__": {"executed_lines": [580, 581, 584, 585, 586], "summary": {"covered_lines": 5, "num_statements": 5, "percent_covered": 100.0, "percent_covered_display": "100", "missing_lines": 0, "excluded_lines": 0}, "missing_lines": [], "excluded_lines": []}, "": {"executed_lines": [1, 7, 8, 11, 12, 14, 35, 36, 38, 47, 48, 50, 57, 58, 60, 73, 74, 76, 85, 86, 88, 95, 96, 98, 111, 112, 114, 124, 125, 127, 140, 141, 143, 152, 153, 155, 165, 166, 168, 190, 191, 193, 209, 210, 212, 218, 219, 221, 232, 233, 235, 246, 247, 249, 257, 258, 260, 271, 272, 274, 284, 285, 287, 300, 301, 303, 313, 314, 316, 329, 330, 332, 344, 345, 347, 357, 358, 360, 374, 375, 377, 386, 387, 389, 396, 397, 399, 412, 413, 415, 426, 427, 429, 436, 437, 439, 454, 455, 457, 466, 467, 469, 476, 477, 479, 492, 493, 495, 504, 505, 507, 514, 515, 517, 530, 531, 533, 543, 544, 546, 559, 560, 562, 576, 577, 579], "summary": {"covered_lines": 84, "num_statements": 84, "percent_covered": 100.0, "percent_covered_display": "100", "missing_lines": 0, "excluded_lines": 0}, "missing_lines": [], "excluded_lines": []}}, "classes": {"DomainException": {"executed_lines": [24, 25, 26, 27], "summary": {"covered_lines": 4, "num_statements": 4, "percent_covered": 100.0, "percent_covered_display": "100", "missing_lines": 0, "excluded_lines": 0}, "missing_lines": [], "excluded_lines": []}, "TeamNotFoundException": {"executed_lines": [39, 40, 41, 42, 43, 44], "summary": {"covered_lines": 6, "num_statements": 6, "percent_covered": 100.0, "percent_covered_display": "100", "missing_lines": 0, "excluded_lines": 0}, "missing_lines": [], "excluded_lines": []}, "TeamAlreadyExistsException": {"executed_lines": [51, 52, 53, 54], "summary": {"covered_lines": 4, "num_statements": 4, "percent_covered": 100.0, "percent_covered_display": "100", "missing_lines": 0, "excluded_lines": 0}, "missing_lines": [], "excluded_lines": []}, "TeamUpdateConflictException": {"executed_lines": [61, 62, 63, 64, 65], "summary": {"covered_lines": 5, "num_statements": 5, "percent_covered": 100.0, "percent_covered_display": "100", "missing_lines": 0, "excluded_lines": 0}, "missing_lines": [], "excluded_lines": []}, "ProjectNotFoundException": {"executed_lines": [77, 78, 79, 80, 81, 82], "summary": {"covered_lines": 6, "num_statements": 6, "percent_covered": 100.0, "percent_covered_display": "100", "missing_lines": 0, "excluded_lines": 0}, "missing_lines": [], "excluded_lines": []}, "ProjectAlreadyExistsException": {"executed_lines": [89, 90, 91, 92], "summary": {"covered_lines": 4, "num_statements": 4, "percent_covered": 100.0, "percent_covered_display": "100", "missing_lines": 0, "excluded_lines": 0}, "missing_lines": [], "excluded_lines": []}, "ProjectUpdateConflictException": {"executed_lines": [99, 100, 101, 102, 103], "summary": {"covered_lines": 5, "num_statements": 5, "percent_covered": 100.0, "percent_covered_display": "100", "missing_lines": 0, "excluded_lines": 0}, "missing_lines": [], "excluded_lines": []}, "ProjectTeamNotFoundException": {"executed_lines": [115, 116, 117, 118, 119, 120, 121], "summary": {"covered_lines": 7, "num_statements": 7, "percent_covered": 100.0, "percent_covered_display": "100", "missing_lines": 0, "excluded_lines": 0}, "missing_lines": [], "excluded_lines": []}, "ProjectTeamAlreadyExistsException": {"executed_lines": [128, 129, 130, 131, 132], "summary": {"covered_lines": 5, "num_statements": 5, "percent_covered": 100.0, "percent_covered_display": "100", "missing_lines": 0, "excluded_lines": 0}, "missing_lines": [], "excluded_lines": []}, "OrganizationNotFoundException": {"executed_lines": [144, 145, 146, 147, 148, 149], "summary": {"covered_lines": 6, "num_statements": 6, "percent_covered": 100.0, "percent_covered_display": "100", "missing_lines": 0, "excluded_lines": 0}, "missing_lines": [], "excluded_lines": []}, "OrganizationAlreadyExistsException": {"executed_lines": [156, 157, 158, 159, 160, 161, 162], "summary": {"covered_lines": 7, "num_statements": 7, "percent_covered": 100.0, "percent_covered_display": "100", "missing_lines": 0, "excluded_lines": 0}, "missing_lines": [], "excluded_lines": []}, "OrganizationUpdateConflictException": {"executed_lines": [175, 176, 177, 178, 179, 180, 181, 182], "summary": {"covered_lines": 8, "num_statements": 8, "percent_covered": 100.0, "percent_covered_display": "100", "missing_lines": 0, "excluded_lines": 0}, "missing_lines": [], "excluded_lines": []}, "UserNotFoundException": {"executed_lines": [195, 196, 197, 198, 199, 200, 202, 203, 204, 205, 206], "summary": {"covered_lines": 11, "num_statements": 11, "percent_covered": 100.0, "percent_covered_display": "100", "missing_lines": 0, "excluded_lines": 0}, "missing_lines": [], "excluded_lines": []}, "InvalidUserIdException": {"executed_lines": [213, 214, 215], "summary": {"covered_lines": 3, "num_statements": 3, "percent_covered": 100.0, "percent_covered_display": "100", "missing_lines": 0, "excluded_lines": 0}, "missing_lines": [], "excluded_lines": []}, "InvalidCredentialsException": {"executed_lines": [222, 223, 224], "summary": {"covered_lines": 3, "num_statements": 3, "percent_covered": 100.0, "percent_covered_display": "100", "missing_lines": 0, "excluded_lines": 0}, "missing_lines": [], "excluded_lines": []}, "InsufficientPrivilegesException": {"executed_lines": [238, 239, 240, 241, 242, 243], "summary": {"covered_lines": 6, "num_statements": 6, "percent_covered": 100.0, "percent_covered_display": "100", "missing_lines": 0, "excluded_lines": 0}, "missing_lines": [], "excluded_lines": []}, "InvalidTokenException": {"executed_lines": [250, 251, 252, 253, 254], "summary": {"covered_lines": 5, "num_statements": 5, "percent_covered": 100.0, "percent_covered_display": "100", "missing_lines": 0, "excluded_lines": 0}, "missing_lines": [], "excluded_lines": []}, "TokenNotFoundException": {"executed_lines": [261], "summary": {"covered_lines": 1, "num_statements": 1, "percent_covered": 100.0, "percent_covered_display": "100", "missing_lines": 0, "excluded_lines": 0}, "missing_lines": [], "excluded_lines": []}, "TeamMemberNotFoundException": {"executed_lines": [275, 276, 277, 278, 279, 280, 281], "summary": {"covered_lines": 7, "num_statements": 7, "percent_covered": 100.0, "percent_covered_display": "100", "missing_lines": 0, "excluded_lines": 0}, "missing_lines": [], "excluded_lines": []}, "TeamMemberAlreadyExistsException": {"executed_lines": [288, 289, 290, 291, 292], "summary": {"covered_lines": 5, "num_statements": 5, "percent_covered": 100.0, "percent_covered_display": "100", "missing_lines": 0, "excluded_lines": 0}, "missing_lines": [], "excluded_lines": []}, "TeamReviewerNotFoundException": {"executed_lines": [304, 305, 306, 307, 308, 309, 310], "summary": {"covered_lines": 7, "num_statements": 7, "percent_covered": 100.0, "percent_covered_display": "100", "missing_lines": 0, "excluded_lines": 0}, "missing_lines": [], "excluded_lines": []}, "TeamReviewerAlreadyExistsException": {"executed_lines": [317, 318, 319, 320, 321], "summary": {"covered_lines": 5, "num_statements": 5, "percent_covered": 100.0, "percent_covered_display": "100", "missing_lines": 0, "excluded_lines": 0}, "missing_lines": [], "excluded_lines": []}, "OrganizationPrincipalNotFoundException": {"executed_lines": [333, 334, 335, 336, 339, 340, 341], "summary": {"covered_lines": 7, "num_statements": 7, "percent_covered": 100.0, "percent_covered_display": "100", "missing_lines": 0, "excluded_lines": 0}, "missing_lines": [], "excluded_lines": []}, "OrganizationPrincipalAlreadyExistsException": {"executed_lines": [348, 349, 352, 353, 354], "summary": {"covered_lines": 5, "num_statements": 5, "percent_covered": 100.0, "percent_covered_display": "100", "missing_lines": 0, "excluded_lines": 0}, "missing_lines": [], "excluded_lines": []}, "UnauthorizedOrganizationAccessException": {"executed_lines": [361, 364, 365, 366], "summary": {"covered_lines": 4, "num_statements": 4, "percent_covered": 100.0, "percent_covered_display": "100", "missing_lines": 0, "excluded_lines": 0}, "missing_lines": [], "excluded_lines": []}, "DocNotFoundException": {"executed_lines": [378, 379, 380, 381, 382, 383], "summary": {"covered_lines": 6, "num_statements": 6, "percent_covered": 100.0, "percent_covered_display": "100", "missing_lines": 0, "excluded_lines": 0}, "missing_lines": [], "excluded_lines": []}, "DocAlreadyExistsException": {"executed_lines": [390, 391, 392, 393], "summary": {"covered_lines": 4, "num_statements": 4, "percent_covered": 100.0, "percent_covered_display": "100", "missing_lines": 0, "excluded_lines": 0}, "missing_lines": [], "excluded_lines": []}, "DocUpdateConflictException": {"executed_lines": [400, 401, 402, 403, 404], "summary": {"covered_lines": 5, "num_statements": 5, "percent_covered": 100.0, "percent_covered_display": "100", "missing_lines": 0, "excluded_lines": 0}, "missing_lines": [], "excluded_lines": []}, "DeploymentEnvNotFoundException": {"executed_lines": [416, 417, 418, 419, 422, 423], "summary": {"covered_lines": 6, "num_statements": 6, "percent_covered": 100.0, "percent_covered_display": "100", "missing_lines": 0, "excluded_lines": 0}, "missing_lines": [], "excluded_lines": []}, "DeploymentEnvAlreadyExistsException": {"executed_lines": [430, 431, 432, 433], "summary": {"covered_lines": 4, "num_statements": 4, "percent_covered": 100.0, "percent_covered_display": "100", "missing_lines": 0, "excluded_lines": 0}, "missing_lines": [], "excluded_lines": []}, "DeploymentEnvUpdateConflictException": {"executed_lines": [440, 441, 444, 445, 446], "summary": {"covered_lines": 5, "num_statements": 5, "percent_covered": 100.0, "percent_covered_display": "100", "missing_lines": 0, "excluded_lines": 0}, "missing_lines": [], "excluded_lines": []}, "FeatureNotFoundException": {"executed_lines": [458, 459, 460, 461, 462, 463], "summary": {"covered_lines": 6, "num_statements": 6, "percent_covered": 100.0, "percent_covered_display": "100", "missing_lines": 0, "excluded_lines": 0}, "missing_lines": [], "excluded_lines": []}, "FeatureAlreadyExistsException": {"executed_lines": [470, 471, 472, 473], "summary": {"covered_lines": 4, "num_statements": 4, "percent_covered": 100.0, "percent_covered_display": "100", "missing_lines": 0, "excluded_lines": 0}, "missing_lines": [], "excluded_lines": []}, "FeatureUpdateConflictException": {"executed_lines": [480, 481, 482, 483, 484], "summary": {"covered_lines": 5, "num_statements": 5, "percent_covered": 100.0, "percent_covered_display": "100", "missing_lines": 0, "excluded_lines": 0}, "missing_lines": [], "excluded_lines": []}, "TaskNotFoundException": {"executed_lines": [496, 497, 498, 499, 500, 501], "summary": {"covered_lines": 6, "num_statements": 6, "percent_covered": 100.0, "percent_covered_display": "100", "missing_lines": 0, "excluded_lines": 0}, "missing_lines": [], "excluded_lines": []}, "TaskAlreadyExistsException": {"executed_lines": [508, 509, 510, 511], "summary": {"covered_lines": 4, "num_statements": 4, "percent_covered": 100.0, "percent_covered_display": "100", "missing_lines": 0, "excluded_lines": 0}, "missing_lines": [], "excluded_lines": []}, "TaskUpdateConflictException": {"executed_lines": [518, 519, 520, 521, 522], "summary": {"covered_lines": 5, "num_statements": 5, "percent_covered": 100.0, "percent_covered_display": "100", "missing_lines": 0, "excluded_lines": 0}, "missing_lines": [], "excluded_lines": []}, "FeatureDocNotFoundException": {"executed_lines": [534, 535, 536, 537, 538, 539, 540], "summary": {"covered_lines": 7, "num_statements": 7, "percent_covered": 100.0, "percent_covered_display": "100", "missing_lines": 0, "excluded_lines": 0}, "missing_lines": [], "excluded_lines": []}, "FeatureDocAlreadyExistsException": {"executed_lines": [547, 548, 549, 550, 551], "summary": {"covered_lines": 5, "num_statements": 5, "percent_covered": 100.0, "percent_covered_display": "100", "missing_lines": 0, "excluded_lines": 0}, "missing_lines": [], "excluded_lines": []}, "TaskDeploymentEnvNotFoundException": {"executed_lines": [565, 566, 567, 568, 571, 572, 573], "summary": {"covered_lines": 7, "num_statements": 7, "percent_covered": 100.0, "percent_covered_display": "100", "missing_lines": 0, "excluded_lines": 0}, "missing_lines": [], "excluded_lines": []}, "TaskDeploymentEnvAlreadyExistsException": {"executed_lines": [580, 581, 584, 585, 586], "summary": {"covered_lines": 5, "num_statements": 5, "percent_covered": 100.0, "percent_covered_display": "100", "missing_lines": 0, "excluded_lines": 0}, "missing_lines": [], "excluded_lines": []}, "": {"executed_lines": [1, 7, 8, 11, 12, 14, 35, 36, 38, 47, 48, 50, 57, 58, 60, 73, 74, 76, 85, 86, 88, 95, 96, 98, 111, 112, 114, 124, 125, 127, 140, 141, 143, 152, 153, 155, 165, 166, 168, 190, 191, 193, 209, 210, 212, 218, 219, 221, 232, 233, 235, 246, 247, 249, 257, 258, 260, 271, 272, 274, 284, 285, 287, 300, 301, 303, 313, 314, 316, 329, 330, 332, 344, 345, 347, 357, 358, 360, 374, 375, 377, 386, 387, 389, 396, 397, 399, 412, 413, 415, 426, 427, 429, 436, 437, 439, 454, 455, 457, 466, 467, 469, 476, 477, 479, 492, 493, 495, 504, 505, 507, 514, 515, 517, 530, 531, 533, 543, 544, 546, 559, 560, 562, 576, 577, 579], "summary": {"covered_lines": 84, "num_statements": 84, "percent_covered": 100.0, "percent_covered_display": "100", "missing_lines": 0, "excluded_lines": 0}, "missing_lines": [], "excluded_lines": []}}}, "app/core/exceptions/http_exceptions.py": {"executed_lines": [1, 4, 5, 7, 8, 15, 16, 18, 19, 25, 26, 28, 29], "summary": {"covered_lines": 10, "num_statements": 10, "percent_covered": 100.0, "percent_covered_display": "100", "missing_lines": 0, "excluded_lines": 0}, "missing_lines": [], "excluded_lines": [], "functions": {"UnauthorizedException.__init__": {"executed_lines": [8], "summary": {"covered_lines": 1, "num_statements": 1, "percent_covered": 100.0, "percent_covered_display": "100", "missing_lines": 0, "excluded_lines": 0}, "missing_lines": [], "excluded_lines": []}, "ForbiddenException.__init__": {"executed_lines": [19], "summary": {"covered_lines": 1, "num_statements": 1, "percent_covered": 100.0, "percent_covered_display": "100", "missing_lines": 0, "excluded_lines": 0}, "missing_lines": [], "excluded_lines": []}, "RateLimitException.__init__": {"executed_lines": [29], "summary": {"covered_lines": 1, "num_statements": 1, "percent_covered": 100.0, "percent_covered_display": "100", "missing_lines": 0, "excluded_lines": 0}, "missing_lines": [], "excluded_lines": []}, "": {"executed_lines": [1, 4, 5, 7, 15, 16, 18, 25, 26, 28], "summary": {"covered_lines": 7, "num_statements": 7, "percent_covered": 100.0, "percent_covered_display": "100", "missing_lines": 0, "excluded_lines": 0}, "missing_lines": [], "excluded_lines": []}}, "classes": {"UnauthorizedException": {"executed_lines": [8], "summary": {"covered_lines": 1, "num_statements": 1, "percent_covered": 100.0, "percent_covered_display": "100", "missing_lines": 0, "excluded_lines": 0}, "missing_lines": [], "excluded_lines": []}, "ForbiddenException": {"executed_lines": [19], "summary": {"covered_lines": 1, "num_statements": 1, "percent_covered": 100.0, "percent_covered_display": "100", "missing_lines": 0, "excluded_lines": 0}, "missing_lines": [], "excluded_lines": []}, "RateLimitException": {"executed_lines": [29], "summary": {"covered_lines": 1, "num_statements": 1, "percent_covered": 100.0, "percent_covered_display": "100", "missing_lines": 0, "excluded_lines": 0}, "missing_lines": [], "excluded_lines": []}, "": {"executed_lines": [1, 4, 5, 7, 15, 16, 18, 25, 26, 28], "summary": {"covered_lines": 7, "num_statements": 7, "percent_covered": 100.0, "percent_covered_display": "100", "missing_lines": 0, "excluded_lines": 0}, "missing_lines": [], "excluded_lines": []}}}, "app/core/fido2_server.py": {"executed_lines": [1, 3, 4, 5, 6, 8, 9, 18, 21, 24, 30, 31, 34, 41, 42, 45, 55, 56, 57, 58, 61, 62, 63, 64, 65, 68, 74, 77, 86, 89, 99, 100, 101, 102, 105, 114, 117, 135, 147, 161, 175, 187, 192, 203, 205, 206, 207, 208, 209, 210, 211, 216, 218, 221], "summary": {"covered_lines": 49, "num_statements": 49, "percent_covered": 100.0, "percent_covered_display": "100", "missing_lines": 0, "excluded_lines": 50}, "missing_lines": [], "excluded_lines": [117, 118, 119, 120, 121, 122, 123, 124, 125, 126, 127, 128, 129, 130, 131, 132, 135, 136, 137, 138, 139, 140, 141, 142, 143, 144, 147, 148, 149, 150, 151, 152, 153, 154, 155, 156, 157, 158, 161, 162, 163, 164, 165, 166, 167, 168, 169, 170, 171, 172], "functions": {"get_fido2_server": {"executed_lines": [30, 31], "summary": {"covered_lines": 2, "num_statements": 2, "percent_covered": 100.0, "percent_covered_display": "100", "missing_lines": 0, "excluded_lines": 0}, "missing_lines": [], "excluded_lines": []}, "store_challenge": {"executed_lines": [41, 42], "summary": {"covered_lines": 2, "num_statements": 2, "percent_covered": 100.0, "percent_covered_display": "100", "missing_lines": 0, "excluded_lines": 0}, "missing_lines": [], "excluded_lines": []}, "retrieve_challenge": {"executed_lines": [55, 56, 57, 58, 61, 62, 63, 64, 65], "summary": {"covered_lines": 9, "num_statements": 9, "percent_covered": 100.0, "percent_covered_display": "100", "missing_lines": 0, "excluded_lines": 0}, "missing_lines": [], "excluded_lines": []}, "generate_session_id": {"executed_lines": [74], "summary": {"covered_lines": 1, "num_statements": 1, "percent_covered": 100.0, "percent_covered_display": "100", "missing_lines": 0, "excluded_lines": 0}, "missing_lines": [], "excluded_lines": []}, "credential_id_to_base64": {"executed_lines": [86], "summary": {"covered_lines": 1, "num_statements": 1, "percent_covered": 100.0, "percent_covered_display": "100", "missing_lines": 0, "excluded_lines": 0}, "missing_lines": [], "excluded_lines": []}, "credential_id_from_base64": {"executed_lines": [99, 100, 101, 102], "summary": {"covered_lines": 4, "num_statements": 4, "percent_covered": 100.0, "percent_covered_display": "100", "missing_lines": 0, "excluded_lines": 0}, "missing_lines": [], "excluded_lines": []}, "aaguid_to_hex": {"executed_lines": [114], "summary": {"covered_lines": 1, "num_statements": 1, "percent_covered": 100.0, "percent_covered_display": "100", "missing_lines": 0, "excluded_lines": 0}, "missing_lines": [], "excluded_lines": []}, "create_user_entity": {"executed_lines": [], "summary": {"covered_lines": 0, "num_statements": 0, "percent_covered": 100.0, "percent_covered_display": "100", "missing_lines": 0, "excluded_lines": 13}, "missing_lines": [], "excluded_lines": [120, 121, 122, 123, 124, 125, 126, 127, 128, 129, 130, 131, 132]}, "parse_client_data": {"executed_lines": [], "summary": {"covered_lines": 0, "num_statements": 0, "percent_covered": 100.0, "percent_covered_display": "100", "missing_lines": 0, "excluded_lines": 9}, "missing_lines": [], "excluded_lines": [136, 137, 138, 139, 140, 141, 142, 143, 144]}, "parse_attestation_object": {"executed_lines": [], "summary": {"covered_lines": 0, "num_statements": 0, "percent_covered": 100.0, "percent_covered_display": "100", "missing_lines": 0, "excluded_lines": 9}, "missing_lines": [], "excluded_lines": [150, 151, 152, 153, 154, 155, 156, 157, 158]}, "parse_authenticator_data": {"executed_lines": [], "summary": {"covered_lines": 0, "num_statements": 0, "percent_covered": 100.0, "percent_covered_display": "100", "missing_lines": 0, "excluded_lines": 9}, "missing_lines": [], "excluded_lines": [164, 165, 166, 167, 168, 169, 170, 171, 172]}, "credential_to_descriptor": {"executed_lines": [187], "summary": {"covered_lines": 1, "num_statements": 1, "percent_covered": 100.0, "percent_covered_display": "100", "missing_lines": 0, "excluded_lines": 0}, "missing_lines": [], "excluded_lines": []}, "encode_options_for_client": {"executed_lines": [203, 205, 206, 207, 208, 209, 210, 211, 216, 218], "summary": {"covered_lines": 10, "num_statements": 10, "percent_covered": 100.0, "percent_covered_display": "100", "missing_lines": 0, "excluded_lines": 0}, "missing_lines": [], "excluded_lines": []}, "": {"executed_lines": [1, 3, 4, 5, 6, 8, 9, 18, 21, 24, 34, 45, 68, 77, 89, 105, 117, 135, 147, 161, 175, 192, 221], "summary": {"covered_lines": 18, "num_statements": 18, "percent_covered": 100.0, "percent_covered_display": "100", "missing_lines": 0, "excluded_lines": 10}, "missing_lines": [], "excluded_lines": [117, 118, 119, 135, 147, 148, 149, 161, 162, 163]}}, "classes": {"": {"executed_lines": [1, 3, 4, 5, 6, 8, 9, 18, 21, 24, 30, 31, 34, 41, 42, 45, 55, 56, 57, 58, 61, 62, 63, 64, 65, 68, 74, 77, 86, 89, 99, 100, 101, 102, 105, 114, 117, 135, 147, 161, 175, 187, 192, 203, 205, 206, 207, 208, 209, 210, 211, 216, 218, 221], "summary": {"covered_lines": 49, "num_statements": 49, "percent_covered": 100.0, "percent_covered_display": "100", "missing_lines": 0, "excluded_lines": 50}, "missing_lines": [], "excluded_lines": [117, 118, 119, 120, 121, 122, 123, 124, 125, 126, 127, 128, 129, 130, 131, 132, 135, 136, 137, 138, 139, 140, 141, 142, 143, 144, 147, 148, 149, 150, 151, 152, 153, 154, 155, 156, 157, 158, 161, 162, 163, 164, 165, 166, 167, 168, 169, 170, 171, 172]}}}, "app/core/logging.py": {"executed_lines": [1, 2, 3, 5, 6, 8, 11, 13, 14, 15, 16, 17, 18, 19, 20, 21, 22, 23, 26, 29, 31, 43, 44, 46, 48, 57, 64, 66], "summary": {"covered_lines": 28, "num_statements": 28, "percent_covered": 100.0, "percent_covered_display": "100", "missing_lines": 0, "excluded_lines": 0}, "missing_lines": [], "excluded_lines": [], "functions": {"add_log_level": {"executed_lines": [13, 14, 15, 16, 17, 18, 19, 20, 21, 22, 23], "summary": {"covered_lines": 11, "num_statements": 11, "percent_covered": 100.0, "percent_covered_display": "100", "missing_lines": 0, "excluded_lines": 0}, "missing_lines": [], "excluded_lines": []}, "setup_logging": {"executed_lines": [29, 31, 43, 44, 46, 48, 57], "summary": {"covered_lines": 7, "num_statements": 7, "percent_covered": 100.0, "percent_covered_display": "100", "missing_lines": 0, "excluded_lines": 0}, "missing_lines": [], "excluded_lines": []}, "get_logger": {"executed_lines": [66], "summary": {"covered_lines": 1, "num_statements": 1, "percent_covered": 100.0, "percent_covered_display": "100", "missing_lines": 0, "excluded_lines": 0}, "missing_lines": [], "excluded_lines": []}, "": {"executed_lines": [1, 2, 3, 5, 6, 8, 11, 26, 64], "summary": {"covered_lines": 9, "num_statements": 9, "percent_covered": 100.0, "percent_covered_display": "100", "missing_lines": 0, "excluded_lines": 0}, "missing_lines": [], "excluded_lines": []}}, "classes": {"": {"executed_lines": [1, 2, 3, 5, 6, 8, 11, 13, 14, 15, 16, 17, 18, 19, 20, 21, 22, 23, 26, 29, 31, 43, 44, 46, 48, 57, 64, 66], "summary": {"covered_lines": 28, "num_statements": 28, "percent_covered": 100.0, "percent_covered_display": "100", "missing_lines": 0, "excluded_lines": 0}, "missing_lines": [], "excluded_lines": []}}}, "app/logic/auth.py": {"executed_lines": [1, 3, 4, 5, 7, 12, 13, 15, 16, 22, 26, 40, 41, 42, 47, 50, 70, 71, 72, 75, 77, 82, 83, 84, 86, 87, 89, 96, 108, 109, 110, 113, 114, 115, 116, 118, 119, 121, 122, 127, 128, 133, 137, 138, 143, 144, 147, 151, 161, 177, 178, 179, 180, 183, 186, 189, 195, 196, 202, 215, 216, 219, 262, 264, 270, 293, 294, 295, 298, 299, 302, 307, 308, 315, 316, 320, 323, 326, 327, 342, 343, 344, 346, 358, 374, 375, 377, 380, 381, 383, 386, 387, 393, 394, 404, 405, 408, 424, 426, 432, 451, 452, 453, 455, 457, 458, 461, 466, 467, 468, 520, 521, 522, 527, 545, 548, 553, 554, 555, 557, 564, 587, 588, 589, 592, 597, 598, 601, 606, 607, 608, 610, 620, 632, 635, 637, 652, 666, 672, 673, 674, 676, 677, 678, 680, 683, 696, 702, 703, 704, 706, 707], "summary": {"covered_lines": 140, "num_statements": 140, "percent_covered": 100.0, "percent_covered_display": "100", "missing_lines": 0, "excluded_lines": 31}, "missing_lines": [], "excluded_lines": [316, 317, 348, 349, 350, 455, 457, 458, 461, 466, 467, 468, 471, 474, 475, 476, 479, 482, 485, 490, 491, 510, 511, 512, 513, 515, 516, 518, 520, 521, 522], "functions": {"perform_login": {"executed_lines": [70, 71, 72, 75, 77, 82, 83, 84, 86, 87, 89], "summary": {"covered_lines": 11, "num_statements": 11, "percent_covered": 100.0, "percent_covered_display": "100", "missing_lines": 0, "excluded_lines": 0}, "missing_lines": [], "excluded_lines": []}, "refresh_access_token": {"executed_lines": [108, 109, 110, 113, 114, 115, 116, 118, 119, 121, 122, 127, 128, 133, 137, 138, 143, 144, 147, 151], "summary": {"covered_lines": 20, "num_statements": 20, "percent_covered": 100.0, "percent_covered_display": "100", "missing_lines": 0, "excluded_lines": 0}, "missing_lines": [], "excluded_lines": []}, "begin_fido2_registration": {"executed_lines": [177, 178, 179, 180, 183, 186, 189, 195, 196, 202, 215, 216, 219, 262, 264], "summary": {"covered_lines": 15, "num_statements": 15, "percent_covered": 100.0, "percent_covered_display": "100", "missing_lines": 0, "excluded_lines": 0}, "missing_lines": [], "excluded_lines": []}, "complete_fido2_registration": {"executed_lines": [293, 294, 295, 298, 299, 302, 307, 308, 315, 316, 320, 323, 326, 327, 342, 343, 344, 346], "summary": {"covered_lines": 17, "num_statements": 17, "percent_covered": 100.0, "percent_covered_display": "100", "missing_lines": 0, "excluded_lines": 5}, "missing_lines": [], "excluded_lines": [316, 317, 348, 349, 350]}, "begin_fido2_authentication": {"executed_lines": [374, 375, 377, 380, 381, 383, 386, 387, 393, 394, 404, 405, 408, 424, 426], "summary": {"covered_lines": 15, "num_statements": 15, "percent_covered": 100.0, "percent_covered_display": "100", "missing_lines": 0, "excluded_lines": 0}, "missing_lines": [], "excluded_lines": []}, "complete_fido2_authentication": {"executed_lines": [451, 452, 453, 455, 457, 458, 461, 466, 467, 468, 520, 521, 522], "summary": {"covered_lines": 3, "num_statements": 3, "percent_covered": 100.0, "percent_covered_display": "100", "missing_lines": 0, "excluded_lines": 26}, "missing_lines": [], "excluded_lines": [455, 457, 458, 461, 466, 467, 468, 471, 474, 475, 476, 479, 482, 485, 490, 491, 510, 511, 512, 513, 515, 516, 518, 520, 521, 522]}, "perform_passwordless_login": {"executed_lines": [545, 548, 553, 554, 555, 557], "summary": {"covered_lines": 6, "num_statements": 6, "percent_covered": 100.0, "percent_covered_display": "100", "missing_lines": 0, "excluded_lines": 0}, "missing_lines": [], "excluded_lines": []}, "perform_2fa_login": {"executed_lines": [587, 588, 589, 592, 597, 598, 601, 606, 607, 608, 610], "summary": {"covered_lines": 11, "num_statements": 11, "percent_covered": 100.0, "percent_covered_display": "100", "missing_lines": 0, "excluded_lines": 0}, "missing_lines": [], "excluded_lines": []}, "list_user_credentials": {"executed_lines": [632, 635, 637], "summary": {"covered_lines": 3, "num_statements": 3, "percent_covered": 100.0, "percent_covered_display": "100", "missing_lines": 0, "excluded_lines": 0}, "missing_lines": [], "excluded_lines": []}, "update_credential_nickname": {"executed_lines": [666, 672, 673, 674, 676, 677, 678, 680], "summary": {"covered_lines": 8, "num_statements": 8, "percent_covered": 100.0, "percent_covered_display": "100", "missing_lines": 0, "excluded_lines": 0}, "missing_lines": [], "excluded_lines": []}, "delete_credential": {"executed_lines": [696, 702, 703, 704, 706, 707], "summary": {"covered_lines": 6, "num_statements": 6, "percent_covered": 100.0, "percent_covered_display": "100", "missing_lines": 0, "excluded_lines": 0}, "missing_lines": [], "excluded_lines": []}, "": {"executed_lines": [1, 3, 4, 5, 7, 12, 13, 15, 16, 22, 26, 40, 41, 42, 47, 50, 96, 161, 270, 358, 432, 527, 564, 620, 652, 683], "summary": {"covered_lines": 25, "num_statements": 25, "percent_covered": 100.0, "percent_covered_display": "100", "missing_lines": 0, "excluded_lines": 0}, "missing_lines": [], "excluded_lines": []}}, "classes": {"": {"executed_lines": [1, 3, 4, 5, 7, 12, 13, 15, 16, 22, 26, 40, 41, 42, 47, 50, 70, 71, 72, 75, 77, 82, 83, 84, 86, 87, 89, 96, 108, 109, 110, 113, 114, 115, 116, 118, 119, 121, 122, 127, 128, 133, 137, 138, 143, 144, 147, 151, 161, 177, 178, 179, 180, 183, 186, 189, 195, 196, 202, 215, 216, 219, 262, 264, 270, 293, 294, 295, 298, 299, 302, 307, 308, 315, 316, 320, 323, 326, 327, 342, 343, 344, 346, 358, 374, 375, 377, 380, 381, 383, 386, 387, 393, 394, 404, 405, 408, 424, 426, 432, 451, 452, 453, 455, 457, 458, 461, 466, 467, 468, 520, 521, 522, 527, 545, 548, 553, 554, 555, 557, 564, 587, 588, 589, 592, 597, 598, 601, 606, 607, 608, 610, 620, 632, 635, 637, 652, 666, 672, 673, 674, 676, 677, 678, 680, 683, 696, 702, 703, 704, 706, 707], "summary": {"covered_lines": 140, "num_statements": 140, "percent_covered": 100.0, "percent_covered_display": "100", "missing_lines": 0, "excluded_lines": 31}, "missing_lines": [], "excluded_lines": [316, 317, 348, 349, 350, 455, 457, 458, 461, 466, 467, 468, 471, 474, 475, 476, 479, 482, 485, 490, 491, 510, 511, 512, 513, 515, 516, 518, 520, 521, 522]}}}, "app/logic/deps.py": {"executed_lines": [1, 3, 4, 6, 7, 9, 10, 17, 18, 21, 33, 34, 35, 40, 41, 42, 44, 56, 69, 70, 71, 73, 74, 76, 79, 94, 95, 96, 98, 99, 100, 101, 102, 104, 107, 116, 117, 118, 124, 137, 141, 142, 144, 145], "summary": {"covered_lines": 43, "num_statements": 43, "percent_covered": 100.0, "percent_covered_display": "100", "missing_lines": 0, "excluded_lines": 0}, "missing_lines": [], "excluded_lines": [], "functions": {"get_token_data": {"executed_lines": [33, 34, 35, 40, 41, 42, 44], "summary": {"covered_lines": 7, "num_statements": 7, "percent_covered": 100.0, "percent_covered_display": "100", "missing_lines": 0, "excluded_lines": 0}, "missing_lines": [], "excluded_lines": []}, "get_user_by_id": {"executed_lines": [69, 70, 71, 73, 74, 76], "summary": {"covered_lines": 6, "num_statements": 6, "percent_covered": 100.0, "percent_covered_display": "100", "missing_lines": 0, "excluded_lines": 0}, "missing_lines": [], "excluded_lines": []}, "get_user_from_token": {"executed_lines": [94, 95, 96, 98, 99, 100, 101, 102, 104], "summary": {"covered_lines": 9, "num_statements": 9, "percent_covered": 100.0, "percent_covered_display": "100", "missing_lines": 0, "excluded_lines": 0}, "missing_lines": [], "excluded_lines": []}, "check_superuser_privileges": {"executed_lines": [116, 117, 118], "summary": {"covered_lines": 3, "num_statements": 3, "percent_covered": 100.0, "percent_covered_display": "100", "missing_lines": 0, "excluded_lines": 0}, "missing_lines": [], "excluded_lines": []}, "verify_organization_membership": {"executed_lines": [137, 141, 142, 144, 145], "summary": {"covered_lines": 5, "num_statements": 5, "percent_covered": 100.0, "percent_covered_display": "100", "missing_lines": 0, "excluded_lines": 0}, "missing_lines": [], "excluded_lines": []}, "": {"executed_lines": [1, 3, 4, 6, 7, 9, 10, 17, 18, 21, 56, 79, 107, 124], "summary": {"covered_lines": 13, "num_statements": 13, "percent_covered": 100.0, "percent_covered_display": "100", "missing_lines": 0, "excluded_lines": 0}, "missing_lines": [], "excluded_lines": []}}, "classes": {"": {"executed_lines": [1, 3, 4, 6, 7, 9, 10, 17, 18, 21, 33, 34, 35, 40, 41, 42, 44, 56, 69, 70, 71, 73, 74, 76, 79, 94, 95, 96, 98, 99, 100, 101, 102, 104, 107, 116, 117, 118, 124, 137, 141, 142, 144, 145], "summary": {"covered_lines": 43, "num_statements": 43, "percent_covered": 100.0, "percent_covered_display": "100", "missing_lines": 0, "excluded_lines": 0}, "missing_lines": [], "excluded_lines": []}}}, "app/logic/v1/deployment_envs.py": {"executed_lines": [1, 3, 4, 6, 7, 8, 10, 15, 16, 17, 20, 42, 45, 53, 55, 56, 57, 58, 59, 60, 64, 67, 84, 86, 87, 88, 89, 92, 111, 113, 114, 115, 117, 118, 122, 125, 150, 152, 153, 154, 156, 157, 162, 163, 164, 165, 168, 169, 171, 172, 173, 174, 175, 176, 182, 185, 201, 203, 204, 205, 207, 208, 212, 213], "summary": {"covered_lines": 63, "num_statements": 63, "percent_covered": 100.0, "percent_covered_display": "100", "missing_lines": 0, "excluded_lines": 0}, "missing_lines": [], "excluded_lines": [], "functions": {"create_deployment_env": {"executed_lines": [42, 45, 53, 55, 56, 57, 58, 59, 60, 64], "summary": {"covered_lines": 10, "num_statements": 10, "percent_covered": 100.0, "percent_covered_display": "100", "missing_lines": 0, "excluded_lines": 0}, "missing_lines": [], "excluded_lines": []}, "list_deployment_envs": {"executed_lines": [84, 86, 87, 88, 89], "summary": {"covered_lines": 5, "num_statements": 5, "percent_covered": 100.0, "percent_covered_display": "100", "missing_lines": 0, "excluded_lines": 0}, "missing_lines": [], "excluded_lines": []}, "get_deployment_env": {"executed_lines": [111, 113, 114, 115, 117, 118, 122], "summary": {"covered_lines": 7, "num_statements": 7, "percent_covered": 100.0, "percent_covered_display": "100", "missing_lines": 0, "excluded_lines": 0}, "missing_lines": [], "excluded_lines": []}, "update_deployment_env": {"executed_lines": [150, 152, 153, 154, 156, 157, 162, 163, 164, 165, 168, 169, 171, 172, 173, 174, 175, 176, 182], "summary": {"covered_lines": 19, "num_statements": 19, "percent_covered": 100.0, "percent_covered_display": "100", "missing_lines": 0, "excluded_lines": 0}, "missing_lines": [], "excluded_lines": []}, "delete_deployment_env": {"executed_lines": [201, 203, 204, 205, 207, 208, 212, 213], "summary": {"covered_lines": 8, "num_statements": 8, "percent_covered": 100.0, "percent_covered_display": "100", "missing_lines": 0, "excluded_lines": 0}, "missing_lines": [], "excluded_lines": []}, "": {"executed_lines": [1, 3, 4, 6, 7, 8, 10, 15, 16, 17, 20, 67, 92, 125, 185], "summary": {"covered_lines": 14, "num_statements": 14, "percent_covered": 100.0, "percent_covered_display": "100", "missing_lines": 0, "excluded_lines": 0}, "missing_lines": [], "excluded_lines": []}}, "classes": {"": {"executed_lines": [1, 3, 4, 6, 7, 8, 10, 15, 16, 17, 20, 42, 45, 53, 55, 56, 57, 58, 59, 60, 64, 67, 84, 86, 87, 88, 89, 92, 111, 113, 114, 115, 117, 118, 122, 125, 150, 152, 153, 154, 156, 157, 162, 163, 164, 165, 168, 169, 171, 172, 173, 174, 175, 176, 182, 185, 201, 203, 204, 205, 207, 208, 212, 213], "summary": {"covered_lines": 63, "num_statements": 63, "percent_covered": 100.0, "percent_covered_display": "100", "missing_lines": 0, "excluded_lines": 0}, "missing_lines": [], "excluded_lines": []}}}, "app/logic/v1/docs.py": {"executed_lines": [1, 3, 4, 6, 7, 8, 10, 15, 16, 17, 20, 42, 45, 55, 57, 58, 59, 60, 61, 62, 64, 67, 82, 84, 85, 86, 87, 90, 107, 109, 110, 111, 113, 114, 116, 119, 144, 146, 147, 148, 150, 151, 154, 155, 156, 157, 158, 159, 160, 161, 164, 165, 167, 168, 169, 170, 171, 172, 178, 181, 197, 199, 200, 201, 203, 204, 206, 207], "summary": {"covered_lines": 67, "num_statements": 67, "percent_covered": 100.0, "percent_covered_display": "100", "missing_lines": 0, "excluded_lines": 0}, "missing_lines": [], "excluded_lines": [], "functions": {"create_doc": {"executed_lines": [42, 45, 55, 57, 58, 59, 60, 61, 62, 64], "summary": {"covered_lines": 10, "num_statements": 10, "percent_covered": 100.0, "percent_covered_display": "100", "missing_lines": 0, "excluded_lines": 0}, "missing_lines": [], "excluded_lines": []}, "list_docs": {"executed_lines": [82, 84, 85, 86, 87], "summary": {"covered_lines": 5, "num_statements": 5, "percent_covered": 100.0, "percent_covered_display": "100", "missing_lines": 0, "excluded_lines": 0}, "missing_lines": [], "excluded_lines": []}, "get_doc": {"executed_lines": [107, 109, 110, 111, 113, 114, 116], "summary": {"covered_lines": 7, "num_statements": 7, "percent_covered": 100.0, "percent_covered_display": "100", "missing_lines": 0, "excluded_lines": 0}, "missing_lines": [], "excluded_lines": []}, "update_doc": {"executed_lines": [144, 146, 147, 148, 150, 151, 154, 155, 156, 157, 158, 159, 160, 161, 164, 165, 167, 168, 169, 170, 171, 172, 178], "summary": {"covered_lines": 23, "num_statements": 23, "percent_covered": 100.0, "percent_covered_display": "100", "missing_lines": 0, "excluded_lines": 0}, "missing_lines": [], "excluded_lines": []}, "delete_doc": {"executed_lines": [197, 199, 200, 201, 203, 204, 206, 207], "summary": {"covered_lines": 8, "num_statements": 8, "percent_covered": 100.0, "percent_covered_display": "100", "missing_lines": 0, "excluded_lines": 0}, "missing_lines": [], "excluded_lines": []}, "": {"executed_lines": [1, 3, 4, 6, 7, 8, 10, 15, 16, 17, 20, 67, 90, 119, 181], "summary": {"covered_lines": 14, "num_statements": 14, "percent_covered": 100.0, "percent_covered_display": "100", "missing_lines": 0, "excluded_lines": 0}, "missing_lines": [], "excluded_lines": []}}, "classes": {"": {"executed_lines": [1, 3, 4, 6, 7, 8, 10, 15, 16, 17, 20, 42, 45, 55, 57, 58, 59, 60, 61, 62, 64, 67, 82, 84, 85, 86, 87, 90, 107, 109, 110, 111, 113, 114, 116, 119, 144, 146, 147, 148, 150, 151, 154, 155, 156, 157, 158, 159, 160, 161, 164, 165, 167, 168, 169, 170, 171, 172, 178, 181, 197, 199, 200, 201, 203, 204, 206, 207], "summary": {"covered_lines": 67, "num_statements": 67, "percent_covered": 100.0, "percent_covered_display": "100", "missing_lines": 0, "excluded_lines": 0}, "missing_lines": [], "excluded_lines": []}}}, "app/logic/v1/feature_docs.py": {"executed_lines": [1, 3, 4, 6, 7, 8, 10, 16, 17, 20, 43, 44, 45, 47, 48, 51, 54, 58, 59, 61, 62, 65, 75, 77, 78, 79, 80, 81, 82, 86, 89, 103, 104, 105, 107, 108, 111, 114, 115, 116, 119, 135, 139, 140, 142, 143, 147, 150, 172, 176, 177, 179, 180, 185, 186, 187, 188, 191, 192, 194, 195, 197, 200, 211, 215, 216, 218, 219, 223, 224], "summary": {"covered_lines": 69, "num_statements": 69, "percent_covered": 100.0, "percent_covered_display": "100", "missing_lines": 0, "excluded_lines": 0}, "missing_lines": [], "excluded_lines": [], "functions": {"add_feature_doc": {"executed_lines": [43, 44, 45, 47, 48, 51, 54, 58, 59, 61, 62, 65, 75, 77, 78, 79, 80, 81, 82, 86], "summary": {"covered_lines": 20, "num_statements": 20, "percent_covered": 100.0, "percent_covered_display": "100", "missing_lines": 0, "excluded_lines": 0}, "missing_lines": [], "excluded_lines": []}, "list_feature_docs": {"executed_lines": [103, 104, 105, 107, 108, 111, 114, 115, 116], "summary": {"covered_lines": 9, "num_statements": 9, "percent_covered": 100.0, "percent_covered_display": "100", "missing_lines": 0, "excluded_lines": 0}, "missing_lines": [], "excluded_lines": []}, "get_feature_doc": {"executed_lines": [135, 139, 140, 142, 143, 147], "summary": {"covered_lines": 6, "num_statements": 6, "percent_covered": 100.0, "percent_covered_display": "100", "missing_lines": 0, "excluded_lines": 0}, "missing_lines": [], "excluded_lines": []}, "update_feature_doc": {"executed_lines": [172, 176, 177, 179, 180, 185, 186, 187, 188, 191, 192, 194, 195, 197], "summary": {"covered_lines": 14, "num_statements": 14, "percent_covered": 100.0, "percent_covered_display": "100", "missing_lines": 0, "excluded_lines": 0}, "missing_lines": [], "excluded_lines": []}, "remove_feature_doc": {"executed_lines": [211, 215, 216, 218, 219, 223, 224], "summary": {"covered_lines": 7, "num_statements": 7, "percent_covered": 100.0, "percent_covered_display": "100", "missing_lines": 0, "excluded_lines": 0}, "missing_lines": [], "excluded_lines": []}, "": {"executed_lines": [1, 3, 4, 6, 7, 8, 10, 16, 17, 20, 89, 119, 150, 200], "summary": {"covered_lines": 13, "num_statements": 13, "percent_covered": 100.0, "percent_covered_display": "100", "missing_lines": 0, "excluded_lines": 0}, "missing_lines": [], "excluded_lines": []}}, "classes": {"": {"executed_lines": [1, 3, 4, 6, 7, 8, 10, 16, 17, 20, 43, 44, 45, 47, 48, 51, 54, 58, 59, 61, 62, 65, 75, 77, 78, 79, 80, 81, 82, 86, 89, 103, 104, 105, 107, 108, 111, 114, 115, 116, 119, 135, 139, 140, 142, 143, 147, 150, 172, 176, 177, 179, 180, 185, 186, 187, 188, 191, 192, 194, 195, 197, 200, 211, 215, 216, 218, 219, 223, 224], "summary": {"covered_lines": 69, "num_statements": 69, "percent_covered": 100.0, "percent_covered_display": "100", "missing_lines": 0, "excluded_lines": 0}, "missing_lines": [], "excluded_lines": []}}}, "app/logic/v1/features.py": {"executed_lines": [1, 3, 4, 6, 7, 8, 10, 15, 16, 17, 20, 42, 45, 61, 63, 64, 65, 66, 67, 68, 72, 75, 92, 94, 95, 96, 97, 100, 119, 121, 122, 123, 125, 126, 128, 131, 156, 158, 159, 160, 162, 163, 166, 167, 168, 169, 170, 171, 172, 173, 174, 175, 176, 177, 178, 179, 180, 181, 182, 183, 184, 185, 188, 189, 191, 192, 193, 194, 195, 196, 202, 205, 221, 223, 224, 225, 227, 228, 230, 231], "summary": {"covered_lines": 79, "num_statements": 79, "percent_covered": 100.0, "percent_covered_display": "100", "missing_lines": 0, "excluded_lines": 0}, "missing_lines": [], "excluded_lines": [], "functions": {"create_feature": {"executed_lines": [42, 45, 61, 63, 64, 65, 66, 67, 68, 72], "summary": {"covered_lines": 10, "num_statements": 10, "percent_covered": 100.0, "percent_covered_display": "100", "missing_lines": 0, "excluded_lines": 0}, "missing_lines": [], "excluded_lines": []}, "list_features": {"executed_lines": [92, 94, 95, 96, 97], "summary": {"covered_lines": 5, "num_statements": 5, "percent_covered": 100.0, "percent_covered_display": "100", "missing_lines": 0, "excluded_lines": 0}, "missing_lines": [], "excluded_lines": []}, "get_feature": {"executed_lines": [119, 121, 122, 123, 125, 126, 128], "summary": {"covered_lines": 7, "num_statements": 7, "percent_covered": 100.0, "percent_covered_display": "100", "missing_lines": 0, "excluded_lines": 0}, "missing_lines": [], "excluded_lines": []}, "update_feature": {"executed_lines": [156, 158, 159, 160, 162, 163, 166, 167, 168, 169, 170, 171, 172, 173, 174, 175, 176, 177, 178, 179, 180, 181, 182, 183, 184, 185, 188, 189, 191, 192, 193, 194, 195, 196, 202], "summary": {"covered_lines": 35, "num_statements": 35, "percent_covered": 100.0, "percent_covered_display": "100", "missing_lines": 0, "excluded_lines": 0}, "missing_lines": [], "excluded_lines": []}, "delete_feature": {"executed_lines": [221, 223, 224, 225, 227, 228, 230, 231], "summary": {"covered_lines": 8, "num_statements": 8, "percent_covered": 100.0, "percent_covered_display": "100", "missing_lines": 0, "excluded_lines": 0}, "missing_lines": [], "excluded_lines": []}, "": {"executed_lines": [1, 3, 4, 6, 7, 8, 10, 15, 16, 17, 20, 75, 100, 131, 205], "summary": {"covered_lines": 14, "num_statements": 14, "percent_covered": 100.0, "percent_covered_display": "100", "missing_lines": 0, "excluded_lines": 0}, "missing_lines": [], "excluded_lines": []}}, "classes": {"": {"executed_lines": [1, 3, 4, 6, 7, 8, 10, 15, 16, 17, 20, 42, 45, 61, 63, 64, 65, 66, 67, 68, 72, 75, 92, 94, 95, 96, 97, 100, 119, 121, 122, 123, 125, 126, 128, 131, 156, 158, 159, 160, 162, 163, 166, 167, 168, 169, 170, 171, 172, 173, 174, 175, 176, 177, 178, 179, 180, 181, 182, 183, 184, 185, 188, 189, 191, 192, 193, 194, 195, 196, 202, 205, 221, 223, 224, 225, 227, 228, 230, 231], "summary": {"covered_lines": 79, "num_statements": 79, "percent_covered": 100.0, "percent_covered_display": "100", "missing_lines": 0, "excluded_lines": 0}, "missing_lines": [], "excluded_lines": []}}}, "app/logic/v1/organization_principals.py": {"executed_lines": [1, 3, 4, 6, 7, 8, 10, 15, 16, 20, 23, 46, 49, 50, 51, 53, 54, 57, 66, 68, 69, 70, 71, 72, 73, 77, 80, 98, 101, 102, 103, 105, 106, 109, 112, 113, 114, 117, 136, 138, 142, 143, 145, 146, 150, 153, 177, 179, 183, 184, 186, 187, 192, 193, 194, 195, 198, 199, 201, 202, 204, 207, 223, 225, 229, 230, 232, 233, 237, 238], "summary": {"covered_lines": 69, "num_statements": 69, "percent_covered": 100.0, "percent_covered_display": "100", "missing_lines": 0, "excluded_lines": 0}, "missing_lines": [], "excluded_lines": [], "functions": {"add_organization_principal": {"executed_lines": [46, 49, 50, 51, 53, 54, 57, 66, 68, 69, 70, 71, 72, 73, 77], "summary": {"covered_lines": 15, "num_statements": 15, "percent_covered": 100.0, "percent_covered_display": "100", "missing_lines": 0, "excluded_lines": 0}, "missing_lines": [], "excluded_lines": []}, "list_organization_principals": {"executed_lines": [98, 101, 102, 103, 105, 106, 109, 112, 113, 114], "summary": {"covered_lines": 10, "num_statements": 10, "percent_covered": 100.0, "percent_covered_display": "100", "missing_lines": 0, "excluded_lines": 0}, "missing_lines": [], "excluded_lines": []}, "get_organization_principal": {"executed_lines": [136, 138, 142, 143, 145, 146, 150], "summary": {"covered_lines": 7, "num_statements": 7, "percent_covered": 100.0, "percent_covered_display": "100", "missing_lines": 0, "excluded_lines": 0}, "missing_lines": [], "excluded_lines": []}, "update_organization_principal": {"executed_lines": [177, 179, 183, 184, 186, 187, 192, 193, 194, 195, 198, 199, 201, 202, 204], "summary": {"covered_lines": 15, "num_statements": 15, "percent_covered": 100.0, "percent_covered_display": "100", "missing_lines": 0, "excluded_lines": 0}, "missing_lines": [], "excluded_lines": []}, "remove_organization_principal": {"executed_lines": [223, 225, 229, 230, 232, 233, 237, 238], "summary": {"covered_lines": 8, "num_statements": 8, "percent_covered": 100.0, "percent_covered_display": "100", "missing_lines": 0, "excluded_lines": 0}, "missing_lines": [], "excluded_lines": []}, "": {"executed_lines": [1, 3, 4, 6, 7, 8, 10, 15, 16, 20, 23, 80, 117, 153, 207], "summary": {"covered_lines": 14, "num_statements": 14, "percent_covered": 100.0, "percent_covered_display": "100", "missing_lines": 0, "excluded_lines": 0}, "missing_lines": [], "excluded_lines": []}}, "classes": {"": {"executed_lines": [1, 3, 4, 6, 7, 8, 10, 15, 16, 20, 23, 46, 49, 50, 51, 53, 54, 57, 66, 68, 69, 70, 71, 72, 73, 77, 80, 98, 101, 102, 103, 105, 106, 109, 112, 113, 114, 117, 136, 138, 142, 143, 145, 146, 150, 153, 177, 179, 183, 184, 186, 187, 192, 193, 194, 195, 198, 199, 201, 202, 204, 207, 223, 225, 229, 230, 232, 233, 237, 238], "summary": {"covered_lines": 69, "num_statements": 69, "percent_covered": 100.0, "percent_covered_display": "100", "missing_lines": 0, "excluded_lines": 0}, "missing_lines": [], "excluded_lines": []}}}, "app/logic/v1/organizations.py": {"executed_lines": [1, 3, 4, 6, 7, 8, 10, 15, 16, 17, 20, 41, 49, 51, 52, 53, 54, 55, 57, 58, 59, 64, 68, 71, 81, 82, 83, 84, 87, 106, 108, 109, 110, 112, 113, 115, 118, 143, 145, 146, 147, 149, 150, 153, 154, 155, 156, 157, 158, 161, 162, 164, 165, 166, 167, 168, 170, 171, 172, 179, 185, 188, 204, 206, 207, 208, 210, 211, 213, 214], "summary": {"covered_lines": 69, "num_statements": 69, "percent_covered": 100.0, "percent_covered_display": "100", "missing_lines": 0, "excluded_lines": 0}, "missing_lines": [], "excluded_lines": [], "functions": {"create_organization": {"executed_lines": [41, 49, 51, 52, 53, 54, 55, 57, 58, 59, 64, 68], "summary": {"covered_lines": 12, "num_statements": 12, "percent_covered": 100.0, "percent_covered_display": "100", "missing_lines": 0, "excluded_lines": 0}, "missing_lines": [], "excluded_lines": []}, "list_organizations": {"executed_lines": [81, 82, 83, 84], "summary": {"covered_lines": 4, "num_statements": 4, "percent_covered": 100.0, "percent_covered_display": "100", "missing_lines": 0, "excluded_lines": 0}, "missing_lines": [], "excluded_lines": []}, "get_organization": {"executed_lines": [106, 108, 109, 110, 112, 113, 115], "summary": {"covered_lines": 7, "num_statements": 7, "percent_covered": 100.0, "percent_covered_display": "100", "missing_lines": 0, "excluded_lines": 0}, "missing_lines": [], "excluded_lines": []}, "update_organization": {"executed_lines": [143, 145, 146, 147, 149, 150, 153, 154, 155, 156, 157, 158, 161, 162, 164, 165, 166, 167, 168, 170, 171, 172, 179, 185], "summary": {"covered_lines": 24, "num_statements": 24, "percent_covered": 100.0, "percent_covered_display": "100", "missing_lines": 0, "excluded_lines": 0}, "missing_lines": [], "excluded_lines": []}, "delete_organization": {"executed_lines": [204, 206, 207, 208, 210, 211, 213, 214], "summary": {"covered_lines": 8, "num_statements": 8, "percent_covered": 100.0, "percent_covered_display": "100", "missing_lines": 0, "excluded_lines": 0}, "missing_lines": [], "excluded_lines": []}, "": {"executed_lines": [1, 3, 4, 6, 7, 8, 10, 15, 16, 17, 20, 71, 87, 118, 188], "summary": {"covered_lines": 14, "num_statements": 14, "percent_covered": 100.0, "percent_covered_display": "100", "missing_lines": 0, "excluded_lines": 0}, "missing_lines": [], "excluded_lines": []}}, "classes": {"": {"executed_lines": [1, 3, 4, 6, 7, 8, 10, 15, 16, 17, 20, 41, 49, 51, 52, 53, 54, 55, 57, 58, 59, 64, 68, 71, 81, 82, 83, 84, 87, 106, 108, 109, 110, 112, 113, 115, 118, 143, 145, 146, 147, 149, 150, 153, 154, 155, 156, 157, 158, 161, 162, 164, 165, 166, 167, 168, 170, 171, 172, 179, 185, 188, 204, 206, 207, 208, 210, 211, 213, 214], "summary": {"covered_lines": 69, "num_statements": 69, "percent_covered": 100.0, "percent_covered_display": "100", "missing_lines": 0, "excluded_lines": 0}, "missing_lines": [], "excluded_lines": []}}}, "app/logic/v1/project_teams.py": {"executed_lines": [1, 3, 4, 6, 7, 8, 10, 15, 16, 19, 41, 42, 43, 45, 46, 49, 52, 62, 64, 65, 66, 67, 68, 69, 73, 76, 90, 91, 92, 94, 95, 98, 101, 102, 103, 106, 122, 126, 127, 129, 130, 134, 137, 159, 163, 164, 166, 167, 172, 173, 174, 175, 178, 179, 181, 182, 184, 187, 200, 204, 205, 207, 208, 212, 213], "summary": {"covered_lines": 64, "num_statements": 64, "percent_covered": 100.0, "percent_covered_display": "100", "missing_lines": 0, "excluded_lines": 0}, "missing_lines": [], "excluded_lines": [], "functions": {"add_project_team": {"executed_lines": [41, 42, 43, 45, 46, 49, 52, 62, 64, 65, 66, 67, 68, 69, 73], "summary": {"covered_lines": 15, "num_statements": 15, "percent_covered": 100.0, "percent_covered_display": "100", "missing_lines": 0, "excluded_lines": 0}, "missing_lines": [], "excluded_lines": []}, "list_project_teams": {"executed_lines": [90, 91, 92, 94, 95, 98, 101, 102, 103], "summary": {"covered_lines": 9, "num_statements": 9, "percent_covered": 100.0, "percent_covered_display": "100", "missing_lines": 0, "excluded_lines": 0}, "missing_lines": [], "excluded_lines": []}, "get_project_team": {"executed_lines": [122, 126, 127, 129, 130, 134], "summary": {"covered_lines": 6, "num_statements": 6, "percent_covered": 100.0, "percent_covered_display": "100", "missing_lines": 0, "excluded_lines": 0}, "missing_lines": [], "excluded_lines": []}, "update_project_team": {"executed_lines": [159, 163, 164, 166, 167, 172, 173, 174, 175, 178, 179, 181, 182, 184], "summary": {"covered_lines": 14, "num_statements": 14, "percent_covered": 100.0, "percent_covered_display": "100", "missing_lines": 0, "excluded_lines": 0}, "missing_lines": [], "excluded_lines": []}, "remove_project_team": {"executed_lines": [200, 204, 205, 207, 208, 212, 213], "summary": {"covered_lines": 7, "num_statements": 7, "percent_covered": 100.0, "percent_covered_display": "100", "missing_lines": 0, "excluded_lines": 0}, "missing_lines": [], "excluded_lines": []}, "": {"executed_lines": [1, 3, 4, 6, 7, 8, 10, 15, 16, 19, 76, 106, 137, 187], "summary": {"covered_lines": 13, "num_statements": 13, "percent_covered": 100.0, "percent_covered_display": "100", "missing_lines": 0, "excluded_lines": 0}, "missing_lines": [], "excluded_lines": []}}, "classes": {"": {"executed_lines": [1, 3, 4, 6, 7, 8, 10, 15, 16, 19, 41, 42, 43, 45, 46, 49, 52, 62, 64, 65, 66, 67, 68, 69, 73, 76, 90, 91, 92, 94, 95, 98, 101, 102, 103, 106, 122, 126, 127, 129, 130, 134, 137, 159, 163, 164, 166, 167, 172, 173, 174, 175, 178, 179, 181, 182, 184, 187, 200, 204, 205, 207, 208, 212, 213], "summary": {"covered_lines": 64, "num_statements": 64, "percent_covered": 100.0, "percent_covered_display": "100", "missing_lines": 0, "excluded_lines": 0}, "missing_lines": [], "excluded_lines": []}}}, "app/logic/v1/projects.py": {"executed_lines": [1, 3, 4, 6, 7, 8, 10, 15, 16, 17, 20, 42, 45, 54, 56, 57, 58, 59, 60, 61, 65, 68, 85, 87, 88, 89, 90, 93, 112, 114, 115, 116, 118, 119, 121, 124, 149, 151, 152, 153, 155, 156, 159, 160, 161, 162, 163, 164, 167, 168, 170, 171, 172, 173, 174, 175, 181, 184, 200, 202, 203, 204, 206, 207, 209, 210], "summary": {"covered_lines": 65, "num_statements": 65, "percent_covered": 100.0, "percent_covered_display": "100", "missing_lines": 0, "excluded_lines": 0}, "missing_lines": [], "excluded_lines": [], "functions": {"create_project": {"executed_lines": [42, 45, 54, 56, 57, 58, 59, 60, 61, 65], "summary": {"covered_lines": 10, "num_statements": 10, "percent_covered": 100.0, "percent_covered_display": "100", "missing_lines": 0, "excluded_lines": 0}, "missing_lines": [], "excluded_lines": []}, "list_projects": {"executed_lines": [85, 87, 88, 89, 90], "summary": {"covered_lines": 5, "num_statements": 5, "percent_covered": 100.0, "percent_covered_display": "100", "missing_lines": 0, "excluded_lines": 0}, "missing_lines": [], "excluded_lines": []}, "get_project": {"executed_lines": [112, 114, 115, 116, 118, 119, 121], "summary": {"covered_lines": 7, "num_statements": 7, "percent_covered": 100.0, "percent_covered_display": "100", "missing_lines": 0, "excluded_lines": 0}, "missing_lines": [], "excluded_lines": []}, "update_project": {"executed_lines": [149, 151, 152, 153, 155, 156, 159, 160, 161, 162, 163, 164, 167, 168, 170, 171, 172, 173, 174, 175, 181], "summary": {"covered_lines": 21, "num_statements": 21, "percent_covered": 100.0, "percent_covered_display": "100", "missing_lines": 0, "excluded_lines": 0}, "missing_lines": [], "excluded_lines": []}, "delete_project": {"executed_lines": [200, 202, 203, 204, 206, 207, 209, 210], "summary": {"covered_lines": 8, "num_statements": 8, "percent_covered": 100.0, "percent_covered_display": "100", "missing_lines": 0, "excluded_lines": 0}, "missing_lines": [], "excluded_lines": []}, "": {"executed_lines": [1, 3, 4, 6, 7, 8, 10, 15, 16, 17, 20, 68, 93, 124, 184], "summary": {"covered_lines": 14, "num_statements": 14, "percent_covered": 100.0, "percent_covered_display": "100", "missing_lines": 0, "excluded_lines": 0}, "missing_lines": [], "excluded_lines": []}}, "classes": {"": {"executed_lines": [1, 3, 4, 6, 7, 8, 10, 15, 16, 17, 20, 42, 45, 54, 56, 57, 58, 59, 60, 61, 65, 68, 85, 87, 88, 89, 90, 93, 112, 114, 115, 116, 118, 119, 121, 124, 149, 151, 152, 153, 155, 156, 159, 160, 161, 162, 163, 164, 167, 168, 170, 171, 172, 173, 174, 175, 181, 184, 200, 202, 203, 204, 206, 207, 209, 210], "summary": {"covered_lines": 65, "num_statements": 65, "percent_covered": 100.0, "percent_covered_display": "100", "missing_lines": 0, "excluded_lines": 0}, "missing_lines": [], "excluded_lines": []}}}, "app/logic/v1/task_deployment_envs.py": {"executed_lines": [1, 3, 4, 6, 7, 8, 10, 16, 17, 23, 46, 47, 48, 50, 51, 54, 57, 61, 62, 64, 65, 70, 80, 82, 83, 84, 85, 86, 87, 93, 96, 112, 113, 114, 116, 117, 120, 123, 124, 125, 128, 144, 148, 149, 151, 152, 156, 159, 181, 185, 186, 188, 189, 194, 195, 196, 197, 200, 201, 203, 204, 206, 209, 222, 226, 227, 229, 230, 234, 235], "summary": {"covered_lines": 69, "num_statements": 69, "percent_covered": 100.0, "percent_covered_display": "100", "missing_lines": 0, "excluded_lines": 0}, "missing_lines": [], "excluded_lines": [], "functions": {"add_task_deployment_env": {"executed_lines": [46, 47, 48, 50, 51, 54, 57, 61, 62, 64, 65, 70, 80, 82, 83, 84, 85, 86, 87, 93], "summary": {"covered_lines": 20, "num_statements": 20, "percent_covered": 100.0, "percent_covered_display": "100", "missing_lines": 0, "excluded_lines": 0}, "missing_lines": [], "excluded_lines": []}, "list_task_deployment_envs": {"executed_lines": [112, 113, 114, 116, 117, 120, 123, 124, 125], "summary": {"covered_lines": 9, "num_statements": 9, "percent_covered": 100.0, "percent_covered_display": "100", "missing_lines": 0, "excluded_lines": 0}, "missing_lines": [], "excluded_lines": []}, "get_task_deployment_env": {"executed_lines": [144, 148, 149, 151, 152, 156], "summary": {"covered_lines": 6, "num_statements": 6, "percent_covered": 100.0, "percent_covered_display": "100", "missing_lines": 0, "excluded_lines": 0}, "missing_lines": [], "excluded_lines": []}, "update_task_deployment_env": {"executed_lines": [181, 185, 186, 188, 189, 194, 195, 196, 197, 200, 201, 203, 204, 206], "summary": {"covered_lines": 14, "num_statements": 14, "percent_covered": 100.0, "percent_covered_display": "100", "missing_lines": 0, "excluded_lines": 0}, "missing_lines": [], "excluded_lines": []}, "remove_task_deployment_env": {"executed_lines": [222, 226, 227, 229, 230, 234, 235], "summary": {"covered_lines": 7, "num_statements": 7, "percent_covered": 100.0, "percent_covered_display": "100", "missing_lines": 0, "excluded_lines": 0}, "missing_lines": [], "excluded_lines": []}, "": {"executed_lines": [1, 3, 4, 6, 7, 8, 10, 16, 17, 23, 96, 128, 159, 209], "summary": {"covered_lines": 13, "num_statements": 13, "percent_covered": 100.0, "percent_covered_display": "100", "missing_lines": 0, "excluded_lines": 0}, "missing_lines": [], "excluded_lines": []}}, "classes": {"": {"executed_lines": [1, 3, 4, 6, 7, 8, 10, 16, 17, 23, 46, 47, 48, 50, 51, 54, 57, 61, 62, 64, 65, 70, 80, 82, 83, 84, 85, 86, 87, 93, 96, 112, 113, 114, 116, 117, 120, 123, 124, 125, 128, 144, 148, 149, 151, 152, 156, 159, 181, 185, 186, 188, 189, 194, 195, 196, 197, 200, 201, 203, 204, 206, 209, 222, 226, 227, 229, 230, 234, 235], "summary": {"covered_lines": 69, "num_statements": 69, "percent_covered": 100.0, "percent_covered_display": "1
[...]
28, 29, 30, 32, 35, 36, 38, 39, 40, 41, 44, 45, 47, 50], "summary": {"covered_lines": 26, "num_statements": 26, "percent_covered": 100.0, "percent_covered_display": "100", "missing_lines": 0, "excluded_lines": 0}, "missing_lines": [], "excluded_lines": [], "functions": {"": {"executed_lines": [1, 2, 4, 7, 8, 10, 11, 12, 15, 16, 18, 19, 20, 23, 24, 26, 27, 28, 29, 30, 32, 35, 36, 38, 39, 40, 41, 44, 45, 47, 50], "summary": {"covered_lines": 26, "num_statements": 26, "percent_covered": 100.0, "percent_covered_display": "100", "missing_lines": 0, "excluded_lines": 0}, "missing_lines": [], "excluded_lines": []}}, "classes": {"ProjectCreate": {"executed_lines": [], "summary": {"covered_lines": 0, "num_statements": 0, "percent_covered": 100.0, "percent_covered_display": "100", "missing_lines": 0, "excluded_lines": 0}, "missing_lines": [], "excluded_lines": []}, "ProjectUpdate": {"executed_lines": [], "summary": {"covered_lines": 0, "num_statements": 0, "percent_covered": 100.0, "percent_covered_display": "100", "missing_lines": 0, "excluded_lines": 0}, "missing_lines": [], "excluded_lines": []}, "Project": {"executed_lines": [], "summary": {"covered_lines": 0, "num_statements": 0, "percent_covered": 100.0, "percent_covered_display": "100", "missing_lines": 0, "excluded_lines": 0}, "missing_lines": [], "excluded_lines": []}, "ProjectDetail": {"executed_lines": [], "summary": {"covered_lines": 0, "num_statements": 0, "percent_covered": 100.0, "percent_covered_display": "100", "missing_lines": 0, "excluded_lines": 0}, "missing_lines": [], "excluded_lines": []}, "ProjectList": {"executed_lines": [], "summary": {"covered_lines": 0, "num_statements": 0, "percent_covered": 100.0, "percent_covered_display": "100", "missing_lines": 0, "excluded_lines": 0}, "missing_lines": [], "excluded_lines": []}, "": {"executed_lines": [1, 2, 4, 7, 8, 10, 11, 12, 15, 16, 18, 19, 20, 23, 24, 26, 27, 28, 29, 30, 32, 35, 36, 38, 39, 40, 41, 44, 45, 47, 50], "summary": {"covered_lines": 26, "num_statements": 26, "percent_covered": 100.0, "percent_covered_display": "100", "missing_lines": 0, "excluded_lines": 0}, "missing_lines": [], "excluded_lines": []}}}, "app/schemas/project_team.py": {"executed_lines": [1, 2, 4, 7, 8, 10, 11, 12, 15, 16, 18, 19, 22, 23, 25, 26, 27, 28, 29, 31, 34, 35, 37, 38, 39, 40, 43, 44, 46, 49], "summary": {"covered_lines": 25, "num_statements": 25, "percent_covered": 100.0, "percent_covered_display": "100", "missing_lines": 0, "excluded_lines": 0}, "missing_lines": [], "excluded_lines": [], "functions": {"": {"executed_lines": [1, 2, 4, 7, 8, 10, 11, 12, 15, 16, 18, 19, 22, 23, 25, 26, 27, 28, 29, 31, 34, 35, 37, 38, 39, 40, 43, 44, 46, 49], "summary": {"covered_lines": 25, "num_statements": 25, "percent_covered": 100.0, "percent_covered_display": "100", "missing_lines": 0, "excluded_lines": 0}, "missing_lines": [], "excluded_lines": []}}, "classes": {"ProjectTeamCreate": {"executed_lines": [], "summary": {"covered_lines": 0, "num_statements": 0, "percent_covered": 100.0, "percent_covered_display": "100", "missing_lines": 0, "excluded_lines": 0}, "missing_lines": [], "excluded_lines": []}, "ProjectTeamUpdate": {"executed_lines": [], "summary": {"covered_lines": 0, "num_statements": 0, "percent_covered": 100.0, "percent_covered_display": "100", "missing_lines": 0, "excluded_lines": 0}, "missing_lines": [], "excluded_lines": []}, "ProjectTeam": {"executed_lines": [], "summary": {"covered_lines": 0, "num_statements": 0, "percent_covered": 100.0, "percent_covered_display": "100", "missing_lines": 0, "excluded_lines": 0}, "missing_lines": [], "excluded_lines": []}, "ProjectTeamDetail": {"executed_lines": [], "summary": {"covered_lines": 0, "num_statements": 0, "percent_covered": 100.0, "percent_covered_display": "100", "missing_lines": 0, "excluded_lines": 0}, "missing_lines": [], "excluded_lines": []}, "ProjectTeamList": {"executed_lines": [], "summary": {"covered_lines": 0, "num_statements": 0, "percent_covered": 100.0, "percent_covered_display": "100", "missing_lines": 0, "excluded_lines": 0}, "missing_lines": [], "excluded_lines": []}, "": {"executed_lines": [1, 2, 4, 7, 8, 10, 11, 12, 15, 16, 18, 19, 22, 23, 25, 26, 27, 28, 29, 31, 34, 35, 37, 38, 39, 40, 43, 44, 46, 49], "summary": {"covered_lines": 25, "num_statements": 25, "percent_covered": 100.0, "percent_covered_display": "100", "missing_lines": 0, "excluded_lines": 0}, "missing_lines": [], "excluded_lines": []}}}, "app/schemas/task.py": {"executed_lines": [1, 2, 4, 6, 7, 10, 11, 13, 14, 15, 16, 17, 18, 19, 20, 23, 24, 26, 27, 28, 29, 30, 31, 32, 33, 36, 37, 39, 40, 41, 42, 43, 44, 45, 46, 47, 48, 50, 53, 54, 56, 57, 58, 59, 62, 63, 65, 68], "summary": {"covered_lines": 43, "num_statements": 43, "percent_covered": 100.0, "percent_covered_display": "100", "missing_lines": 0, "excluded_lines": 0}, "missing_lines": [], "excluded_lines": [], "functions": {"": {"executed_lines": [1, 2, 4, 6, 7, 10, 11, 13, 14, 15, 16, 17, 18, 19, 20, 23, 24, 26, 27, 28, 29, 30, 31, 32, 33, 36, 37, 39, 40, 41, 42, 43, 44, 45, 46, 47, 48, 50, 53, 54, 56, 57, 58, 59, 62, 63, 65, 68], "summary": {"covered_lines": 43, "num_statements": 43, "percent_covered": 100.0, "percent_covered_display": "100", "missing_lines": 0, "excluded_lines": 0}, "missing_lines": [], "excluded_lines": []}}, "classes": {"TaskCreate": {"executed_lines": [], "summary": {"covered_lines": 0, "num_statements": 0, "percent_covered": 100.0, "percent_covered_display": "100", "missing_lines": 0, "excluded_lines": 0}, "missing_lines": [], "excluded_lines": []}, "TaskUpdate": {"executed_lines": [], "summary": {"covered_lines": 0, "num_statements": 0, "percent_covered": 100.0, "percent_covered_display": "100", "missing_lines": 0, "excluded_lines": 0}, "missing_lines": [], "excluded_lines": []}, "Task": {"executed_lines": [], "summary": {"covered_lines": 0, "num_statements": 0, "percent_covered": 100.0, "percent_covered_display": "100", "missing_lines": 0, "excluded_lines": 0}, "missing_lines": [], "excluded_lines": []}, "TaskDetail": {"executed_lines": [], "summary": {"covered_lines": 0, "num_statements": 0, "percent_covered": 100.0, "percent_covered_display": "100", "missing_lines": 0, "excluded_lines": 0}, "missing_lines": [], "excluded_lines": []}, "TaskList": {"executed_lines": [], "summary": {"covered_lines": 0, "num_statements": 0, "percent_covered": 100.0, "percent_covered_display": "100", "missing_lines": 0, "excluded_lines": 0}, "missing_lines": [], "excluded_lines": []}, "": {"executed_lines": [1, 2, 4, 6, 7, 10, 11, 13, 14, 15, 16, 17, 18, 19, 20, 23, 24, 26, 27, 28, 29, 30, 31, 32, 33, 36, 37, 39, 40, 41, 42, 43, 44, 45, 46, 47, 48, 50, 53, 54, 56, 57, 58, 59, 62, 63, 65, 68], "summary": {"covered_lines": 43, "num_statements": 43, "percent_covered": 100.0, "percent_covered_display": "100", "missing_lines": 0, "excluded_lines": 0}, "missing_lines": [], "excluded_lines": []}}}, "app/schemas/task_deployment_env.py": {"executed_lines": [1, 2, 4, 7, 8, 10, 11, 12, 15, 16, 18, 19, 22, 23, 25, 26, 27, 28, 29, 31, 34, 35, 37, 38, 39, 40, 43, 44, 46, 49], "summary": {"covered_lines": 25, "num_statements": 25, "percent_covered": 100.0, "percent_covered_display": "100", "missing_lines": 0, "excluded_lines": 0}, "missing_lines": [], "excluded_lines": [], "functions": {"": {"executed_lines": [1, 2, 4, 7, 8, 10, 11, 12, 15, 16, 18, 19, 22, 23, 25, 26, 27, 28, 29, 31, 34, 35, 37, 38, 39, 40, 43, 44, 46, 49], "summary": {"covered_lines": 25, "num_statements": 25, "percent_covered": 100.0, "percent_covered_display": "100", "missing_lines": 0, "excluded_lines": 0}, "missing_lines": [], "excluded_lines": []}}, "classes": {"TaskDeploymentEnvCreate": {"executed_lines": [], "summary": {"covered_lines": 0, "num_statements": 0, "percent_covered": 100.0, "percent_covered_display": "100", "missing_lines": 0, "excluded_lines": 0}, "missing_lines": [], "excluded_lines": []}, "TaskDeploymentEnvUpdate": {"executed_lines": [], "summary": {"covered_lines": 0, "num_statements": 0, "percent_covered": 100.0, "percent_covered_display": "100", "missing_lines": 0, "excluded_lines": 0}, "missing_lines": [], "excluded_lines": []}, "TaskDeploymentEnv": {"executed_lines": [], "summary": {"covered_lines": 0, "num_statements": 0, "percent_covered": 100.0, "percent_covered_display": "100", "missing_lines": 0, "excluded_lines": 0}, "missing_lines": [], "excluded_lines": []}, "TaskDeploymentEnvDetail": {"executed_lines": [], "summary": {"covered_lines": 0, "num_statements": 0, "percent_covered": 100.0, "percent_covered_display": "100", "missing_lines": 0, "excluded_lines": 0}, "missing_lines": [], "excluded_lines": []}, "TaskDeploymentEnvList": {"executed_lines": [], "summary": {"covered_lines": 0, "num_statements": 0, "percent_covered": 100.0, "percent_covered_display": "100", "missing_lines": 0, "excluded_lines": 0}, "missing_lines": [], "excluded_lines": []}, "": {"executed_lines": [1, 2, 4, 7, 8, 10, 11, 12, 15, 16, 18, 19, 22, 23, 25, 26, 27, 28, 29, 31, 34, 35, 37, 38, 39, 40, 43, 44, 46, 49], "summary": {"covered_lines": 25, "num_statements": 25, "percent_covered": 100.0, "percent_covered_display": "100", "missing_lines": 0, "excluded_lines": 0}, "missing_lines": [], "excluded_lines": []}}}, "app/schemas/team.py": {"executed_lines": [1, 2, 4, 7, 8, 10, 11, 14, 15, 17, 18, 21, 22, 24, 25, 26, 27, 29, 32, 33, 35, 36, 37, 38, 41, 42, 44, 47], "summary": {"covered_lines": 23, "num_statements": 23, "percent_covered": 100.0, "percent_covered_display": "100", "missing_lines": 0, "excluded_lines": 0}, "missing_lines": [], "excluded_lines": [], "functions": {"": {"executed_lines": [1, 2, 4, 7, 8, 10, 11, 14, 15, 17, 18, 21, 22, 24, 25, 26, 27, 29, 32, 33, 35, 36, 37, 38, 41, 42, 44, 47], "summary": {"covered_lines": 23, "num_statements": 23, "percent_covered": 100.0, "percent_covered_display": "100", "missing_lines": 0, "excluded_lines": 0}, "missing_lines": [], "excluded_lines": []}}, "classes": {"TeamCreate": {"executed_lines": [], "summary": {"covered_lines": 0, "num_statements": 0, "percent_covered": 100.0, "percent_covered_display": "100", "missing_lines": 0, "excluded_lines": 0}, "missing_lines": [], "excluded_lines": []}, "TeamUpdate": {"executed_lines": [], "summary": {"covered_lines": 0, "num_statements": 0, "percent_covered": 100.0, "percent_covered_display": "100", "missing_lines": 0, "excluded_lines": 0}, "missing_lines": [], "excluded_lines": []}, "Team": {"executed_lines": [], "summary": {"covered_lines": 0, "num_statements": 0, "percent_covered": 100.0, "percent_covered_display": "100", "missing_lines": 0, "excluded_lines": 0}, "missing_lines": [], "excluded_lines": []}, "TeamDetail": {"executed_lines": [], "summary": {"covered_lines": 0, "num_statements": 0, "percent_covered": 100.0, "percent_covered_display": "100", "missing_lines": 0, "excluded_lines": 0}, "missing_lines": [], "excluded_lines": []}, "TeamList": {"executed_lines": [], "summary": {"covered_lines": 0, "num_statements": 0, "percent_covered": 100.0, "percent_covered_display": "100", "missing_lines": 0, "excluded_lines": 0}, "missing_lines": [], "excluded_lines": []}, "": {"executed_lines": [1, 2, 4, 7, 8, 10, 11, 14, 15, 17, 18, 21, 22, 24, 25, 26, 27, 29, 32, 33, 35, 36, 37, 38, 41, 42, 44, 47], "summary": {"covered_lines": 23, "num_statements": 23, "percent_covered": 100.0, "percent_covered_display": "100", "missing_lines": 0, "excluded_lines": 0}, "missing_lines": [], "excluded_lines": []}}}, "app/schemas/team_member.py": {"executed_lines": [1, 2, 4, 7, 8, 10, 11, 12, 15, 16, 18, 19, 22, 23, 25, 26, 27, 28, 29, 31, 34, 35, 37, 38, 39, 40, 43, 44, 46, 49], "summary": {"covered_lines": 25, "num_statements": 25, "percent_covered": 100.0, "percent_covered_display": "100", "missing_lines": 0, "excluded_lines": 0}, "missing_lines": [], "excluded_lines": [], "functions": {"": {"executed_lines": [1, 2, 4, 7, 8, 10, 11, 12, 15, 16, 18, 19, 22, 23, 25, 26, 27, 28, 29, 31, 34, 35, 37, 38, 39, 40, 43, 44, 46, 49], "summary": {"covered_lines": 25, "num_statements": 25, "percent_covered": 100.0, "percent_covered_display": "100", "missing_lines": 0, "excluded_lines": 0}, "missing_lines": [], "excluded_lines": []}}, "classes": {"TeamMemberCreate": {"executed_lines": [], "summary": {"covered_lines": 0, "num_statements": 0, "percent_covered": 100.0, "percent_covered_display": "100", "missing_lines": 0, "excluded_lines": 0}, "missing_lines": [], "excluded_lines": []}, "TeamMemberUpdate": {"executed_lines": [], "summary": {"covered_lines": 0, "num_statements": 0, "percent_covered": 100.0, "percent_covered_display": "100", "missing_lines": 0, "excluded_lines": 0}, "missing_lines": [], "excluded_lines": []}, "TeamMember": {"executed_lines": [], "summary": {"covered_lines": 0, "num_statements": 0, "percent_covered": 100.0, "percent_covered_display": "100", "missing_lines": 0, "excluded_lines": 0}, "missing_lines": [], "excluded_lines": []}, "TeamMemberDetail": {"executed_lines": [], "summary": {"covered_lines": 0, "num_statements": 0, "percent_covered": 100.0, "percent_covered_display": "100", "missing_lines": 0, "excluded_lines": 0}, "missing_lines": [], "excluded_lines": []}, "TeamMemberList": {"executed_lines": [], "summary": {"covered_lines": 0, "num_statements": 0, "percent_covered": 100.0, "percent_covered_display": "100", "missing_lines": 0, "excluded_lines": 0}, "missing_lines": [], "excluded_lines": []}, "": {"executed_lines": [1, 2, 4, 7, 8, 10, 11, 12, 15, 16, 18, 19, 22, 23, 25, 26, 27, 28, 29, 31, 34, 35, 37, 38, 39, 40, 43, 44, 46, 49], "summary": {"covered_lines": 25, "num_statements": 25, "percent_covered": 100.0, "percent_covered_display": "100", "missing_lines": 0, "excluded_lines": 0}, "missing_lines": [], "excluded_lines": []}}}, "app/schemas/team_reviewer.py": {"executed_lines": [1, 2, 4, 7, 8, 10, 11, 12, 15, 16, 18, 19, 22, 23, 25, 26, 27, 28, 29, 31, 34, 35, 37, 38, 39, 40, 43, 44, 46, 49], "summary": {"covered_lines": 25, "num_statements": 25, "percent_covered": 100.0, "percent_covered_display": "100", "missing_lines": 0, "excluded_lines": 0}, "missing_lines": [], "excluded_lines": [], "functions": {"": {"executed_lines": [1, 2, 4, 7, 8, 10, 11, 12, 15, 16, 18, 19, 22, 23, 25, 26, 27, 28, 29, 31, 34, 35, 37, 38, 39, 40, 43, 44, 46, 49], "summary": {"covered_lines": 25, "num_statements": 25, "percent_covered": 100.0, "percent_covered_display": "100", "missing_lines": 0, "excluded_lines": 0}, "missing_lines": [], "excluded_lines": []}}, "classes": {"TeamReviewerCreate": {"executed_lines": [], "summary": {"covered_lines": 0, "num_statements": 0, "percent_covered": 100.0, "percent_covered_display": "100", "missing_lines": 0, "excluded_lines": 0}, "missing_lines": [], "excluded_lines": []}, "TeamReviewerUpdate": {"executed_lines": [], "summary": {"covered_lines": 0, "num_statements": 0, "percent_covered": 100.0, "percent_covered_display": "100", "missing_lines": 0, "excluded_lines": 0}, "missing_lines": [], "excluded_lines": []}, "TeamReviewer": {"executed_lines": [], "summary": {"covered_lines": 0, "num_statements": 0, "percent_covered": 100.0, "percent_covered_display": "100", "missing_lines": 0, "excluded_lines": 0}, "missing_lines": [], "excluded_lines": []}, "TeamReviewerDetail": {"executed_lines": [], "summary": {"covered_lines": 0, "num_statements": 0, "percent_covered": 100.0, "percent_covered_display": "100", "missing_lines": 0, "excluded_lines": 0}, "missing_lines": [], "excluded_lines": []}, "TeamReviewerList": {"executed_lines": [], "summary": {"covered_lines": 0, "num_statements": 0, "percent_covered": 100.0, "percent_covered_display": "100", "missing_lines": 0, "excluded_lines": 0}, "missing_lines": [], "excluded_lines": []}, "": {"executed_lines": [1, 2, 4, 7, 8, 10, 11, 12, 15, 16, 18, 19, 22, 23, 25, 26, 27, 28, 29, 31, 34, 35, 37, 38, 39, 40, 43, 44, 46, 49], "summary": {"covered_lines": 25, "num_statements": 25, "percent_covered": 100.0, "percent_covered_display": "100", "missing_lines": 0, "excluded_lines": 0}, "missing_lines": [], "excluded_lines": []}}}, "app/schemas/user.py": {"executed_lines": [1, 2, 4, 7, 8, 10, 11, 12, 13, 14, 15, 16, 17, 18, 19, 20, 21, 25, 26, 28, 31, 32, 34, 37, 38, 40, 43, 44, 46, 47, 48, 49, 50, 51, 52, 53, 54, 57, 58, 60, 61, 62, 63, 64, 65, 66, 67, 68, 70, 73, 74, 76, 77, 78, 79, 80, 81, 82, 83, 84, 85, 86, 87, 88, 91, 92, 94, 95, 96, 99, 100, 102, 103, 104, 105, 106, 107, 108, 109], "summary": {"covered_lines": 70, "num_statements": 70, "percent_covered": 100.0, "percent_covered_display": "100", "missing_lines": 0, "excluded_lines": 0}, "missing_lines": [], "excluded_lines": [], "functions": {"": {"executed_lines": [1, 2, 4, 7, 8, 10, 11, 12, 13, 14, 15, 16, 17, 18, 19, 20, 21, 25, 26, 28, 31, 32, 34, 37, 38, 40, 43, 44, 46, 47, 48, 49, 50, 51, 52, 53, 54, 57, 58, 60, 61, 62, 63, 64, 65, 66, 67, 68, 70, 73, 74, 76, 77, 78, 79, 80, 81, 82, 83, 84, 85, 86, 87, 88, 91, 92, 94, 95, 96, 99, 100, 102, 103, 104, 105, 106, 107, 108, 109], "summary": {"covered_lines": 70, "num_statements": 70, "percent_covered": 100.0, "percent_covered_display": "100", "missing_lines": 0, "excluded_lines": 0}, "missing_lines": [], "excluded_lines": []}}, "classes": {"UserCreate": {"executed_lines": [], "summary": {"covered_lines": 0, "num_statements": 0, "percent_covered": 100.0, "percent_covered_display": "100", "missing_lines": 0, "excluded_lines": 0}, "missing_lines": [], "excluded_lines": []}, "UserUpdateUsername": {"executed_lines": [], "summary": {"covered_lines": 0, "num_statements": 0, "percent_covered": 100.0, "percent_covered_display": "100", "missing_lines": 0, "excluded_lines": 0}, "missing_lines": [], "excluded_lines": []}, "UserUpdateEmail": {"executed_lines": [], "summary": {"covered_lines": 0, "num_statements": 0, "percent_covered": 100.0, "percent_covered_display": "100", "missing_lines": 0, "excluded_lines": 0}, "missing_lines": [], "excluded_lines": []}, "UserUpdatePrimaryPhone": {"executed_lines": [], "summary": {"covered_lines": 0, "num_statements": 0, "percent_covered": 100.0, "percent_covered_display": "100", "missing_lines": 0, "excluded_lines": 0}, "missing_lines": [], "excluded_lines": []}, "UserUpdate": {"executed_lines": [], "summary": {"covered_lines": 0, "num_statements": 0, "percent_covered": 100.0, "percent_covered_display": "100", "missing_lines": 0, "excluded_lines": 0}, "missing_lines": [], "excluded_lines": []}, "User": {"executed_lines": [], "summary": {"covered_lines": 0, "num_statements": 0, "percent_covered": 100.0, "percent_covered_display": "100", "missing_lines": 0, "excluded_lines": 0}, "missing_lines": [], "excluded_lines": []}, "UserDetail": {"executed_lines": [], "summary": {"covered_lines": 0, "num_statements": 0, "percent_covered": 100.0, "percent_covered_display": "100", "missing_lines": 0, "excluded_lines": 0}, "missing_lines": [], "excluded_lines": []}, "Token": {"executed_lines": [], "summary": {"covered_lines": 0, "num_statements": 0, "percent_covered": 100.0, "percent_covered_display": "100", "missing_lines": 0, "excluded_lines": 0}, "missing_lines": [], "excluded_lines": []}, "TokenData": {"executed_lines": [], "summary": {"covered_lines": 0, "num_statements": 0, "percent_covered": 100.0, "percent_covered_display": "100", "missing_lines": 0, "excluded_lines": 0}, "missing_lines": [], "excluded_lines": []}, "": {"executed_lines": [1, 2, 4, 7, 8, 10, 11, 12, 13, 14, 15, 16, 17, 18, 19, 20, 21, 25, 26, 28, 31, 32, 34, 37, 38, 40, 43, 44, 46, 47, 48, 49, 50, 51, 52, 53, 54, 57, 58, 60, 61, 62, 63, 64, 65, 66, 67, 68, 70, 73, 74, 76, 77, 78, 79, 80, 81, 82, 83, 84, 85, 86, 87, 88, 91, 92, 94, 95, 96, 99, 100, 102, 103, 104, 105, 106, 107, 108, 109], "summary": {"covered_lines": 70, "num_statements": 70, "percent_covered": 100.0, "percent_covered_display": "100", "missing_lines": 0, "excluded_lines": 0}, "missing_lines": [], "excluded_lines": []}}}}, "totals": {"covered_lines": 3424, "num_statements": 3424, "percent_covered": 100.0, "percent_covered_display": "100", "missing_lines": 0, "excluded_lines": 139}}